2014-10-20 09:49:00,645:INFO:-------------------------------------------------------
2014-10-20 09:49:00,645:INFO:+Bienvenue dans le script de traitement ODA module API.
2014-10-20 09:49:00,646:INFO:+Mode d'action choisi : update.
2014-10-20 09:49:00,646:DEBUG:Début chargement configuration
2014-10-20 09:49:23,180:INFO:-------------------------------------------------------
2014-10-20 09:49:23,180:INFO:+Bienvenue dans le script de traitement ODA module API.
2014-10-20 09:49:23,180:INFO:+Mode d'action choisi : update.
2014-10-20 09:49:23,180:DEBUG:Début chargement configuration
2014-10-20 09:50:23,936:INFO:-------------------------------------------------------
2014-10-20 09:50:23,937:INFO:+Bienvenue dans le script de traitement ODA module API.
2014-10-20 09:50:23,937:INFO:+Mode d'action choisi : update.
2014-10-20 09:50:23,938:DEBUG:Début chargement configuration
2014-10-20 09:50:23,938:DEBUG:Chargement configuration réussi
2014-10-20 09:50:23,939:INFO:+Lance la mise à jour.
2014-10-20 09:50:23,939:INFO:+Update des fichiers.
2014-10-20 09:50:23,939:DEBUG:Fichier:C:/DATAS/FRO/ODA/ODA_POK/www/API/deploy\api_admin.html
2014-10-20 09:50:23,945:DEBUG:Remplacement réussi.
2014-10-20 09:50:23,945:DEBUG:Fichier:C:/DATAS/FRO/ODA/ODA_POK/www/API/deploy\api_page_accesperdu.html
2014-10-20 09:50:23,950:DEBUG:Copie réussi.
2014-10-20 09:50:23,950:DEBUG:Fichier:C:/DATAS/FRO/ODA/ODA_POK/www/API/deploy\api_page_contact.html
2014-10-20 09:50:23,955:DEBUG:Copie réussi.
2014-10-20 09:50:23,955:DEBUG:Fichier:C:/DATAS/FRO/ODA/ODA_POK/www/API/deploy\api_page_contact_restreint.html
2014-10-20 09:50:23,959:DEBUG:Copie réussi.
2014-10-20 09:50:23,967:DEBUG:Fichier:C:/DATAS/FRO/ODA/ODA_POK/www/API/deploy\api_page_creercompte.html
2014-10-20 09:50:23,972:DEBUG:Copie réussi.
2014-10-20 09:50:23,972:DEBUG:Fichier:C:/DATAS/FRO/ODA/ODA_POK/www/API/deploy\api_page_error.html
2014-10-20 09:50:23,976:DEBUG:Copie réussi.
2014-10-20 09:50:23,977:DEBUG:Fichier:C:/DATAS/FRO/ODA/ODA_POK/www/API/deploy\api_page_faq.html
2014-10-20 09:50:23,981:DEBUG:Copie réussi.
2014-10-20 09:50:23,981:DEBUG:Fichier:C:/DATAS/FRO/ODA/ODA_POK/www/API/deploy\api_page_maintenance.html
2014-10-20 09:50:23,986:DEBUG:Copie réussi.
2014-10-20 09:50:23,986:DEBUG:Fichier:C:/DATAS/FRO/ODA/ODA_POK/www/API/deploy\api_page_sortie.html
2014-10-20 09:50:23,990:DEBUG:Copie réussi.
2014-10-20 09:50:23,991:DEBUG:Fichier:C:/DATAS/FRO/ODA/ODA_POK/www/API/deploy\api_profile.html
2014-10-20 09:50:23,996:DEBUG:Remplacement réussi.
2014-10-20 09:50:23,996:DEBUG:Fichier:C:/DATAS/FRO/ODA/ODA_POK/www/API/deploy\api_stats.html
2014-10-20 09:50:24,001:DEBUG:Remplacement réussi.
2014-10-20 09:50:24,002:DEBUG:Fichier:C:/DATAS/FRO/ODA/ODA_POK/www/API/deploy\api_supervision.html
2014-10-20 09:50:24,007:DEBUG:Remplacement réussi.
2014-10-20 09:50:24,007:DEBUG:Directory:C:/DATAS/FRO/ODA/ODA_POK/www/API/deploy\css
2014-10-20 09:50:24,008:DEBUG:Dossier déjà présent.
2014-10-20 09:50:24,009:DEBUG:Fichier:C:/DATAS/FRO/ODA/ODA_POK/www/API/deploy\css\mycss.css
2014-10-20 09:50:24,009:DEBUG:Ignore réussi.
2014-10-20 09:50:24,010:DEBUG:Directory:C:/DATAS/FRO/ODA/ODA_POK/www/API/deploy\css\themes
2014-10-20 09:50:24,010:DEBUG:Dossier déjà présent.
2014-10-20 09:50:24,011:DEBUG:Directory:C:/DATAS/FRO/ODA/ODA_POK/www/API/deploy\css\themes\flatui
2014-10-20 09:50:24,011:DEBUG:Dossier déjà présent.
2014-10-20 09:50:24,012:DEBUG:Directory:C:/DATAS/FRO/ODA/ODA_POK/www/API/deploy\css\themes\flatui\fonts
2014-10-20 09:50:24,012:DEBUG:Dossier déjà présent.
2014-10-20 09:50:24,013:DEBUG:Fichier:C:/DATAS/FRO/ODA/ODA_POK/www/API/deploy\css\themes\flatui\fonts\Flat-UI-Icons-24.ttf
2014-10-20 09:50:24,030:DEBUG:Remplacement réussi.
2014-10-20 09:50:24,032:DEBUG:Fichier:C:/DATAS/FRO/ODA/ODA_POK/www/API/deploy\css\themes\flatui\fonts\Flat-UI-Icons-24.woff
2014-10-20 09:50:24,047:DEBUG:Remplacement réussi.
2014-10-20 09:50:24,048:DEBUG:Fichier:C:/DATAS/FRO/ODA/ODA_POK/www/API/deploy\css\themes\flatui\fonts\lato-black.ttf
2014-10-20 09:50:24,070:DEBUG:Remplacement réussi.
2014-10-20 09:50:24,071:DEBUG:Fichier:C:/DATAS/FRO/ODA/ODA_POK/www/API/deploy\css\themes\flatui\fonts\lato-black.woff
2014-10-20 09:50:24,084:DEBUG:Remplacement réussi.
2014-10-20 09:50:24,085:DEBUG:Fichier:C:/DATAS/FRO/ODA/ODA_POK/www/API/deploy\css\themes\flatui\fonts\lato-bold.ttf
2014-10-20 09:50:24,100:DEBUG:Remplacement réussi.
2014-10-20 09:50:24,101:DEBUG:Fichier:C:/DATAS/FRO/ODA/ODA_POK/www/API/deploy\css\themes\flatui\fonts\lato-bold.woff
2014-10-20 09:50:24,110:DEBUG:Remplacement réussi.
2014-10-20 09:50:24,111:DEBUG:Fichier:C:/DATAS/FRO/ODA/ODA_POK/www/API/deploy\css\themes\flatui\fonts\lato-italic.ttf
2014-10-20 09:50:24,119:DEBUG:Remplacement réussi.
2014-10-20 09:50:24,120:DEBUG:Fichier:C:/DATAS/FRO/ODA/ODA_POK/www/API/deploy\css\themes\flatui\fonts\lato-italic.woff
2014-10-20 09:50:24,137:DEBUG:Remplacement réussi.
2014-10-20 09:50:24,138:DEBUG:Fichier:C:/DATAS/FRO/ODA/ODA_POK/www/API/deploy\css\themes\flatui\fonts\lato-regular.ttf
2014-10-20 09:50:24,156:DEBUG:Remplacement réussi.
2014-10-20 09:50:24,156:DEBUG:Fichier:C:/DATAS/FRO/ODA/ODA_POK/www/API/deploy\css\themes\flatui\fonts\lato-regular.woff
2014-10-20 09:50:24,185:DEBUG:Remplacement réussi.
2014-10-20 09:50:24,186:DEBUG:Directory:C:/DATAS/FRO/ODA/ODA_POK/www/API/deploy\css\themes\flatui\images
2014-10-20 09:50:24,186:DEBUG:Dossier déjà présent.
2014-10-20 09:50:24,187:DEBUG:Fichier:C:/DATAS/FRO/ODA/ODA_POK/www/API/deploy\css\themes\flatui\images\ajax-loader.gif
2014-10-20 09:50:24,224:DEBUG:Remplacement réussi.
2014-10-20 09:50:24,227:DEBUG:Fichier:C:/DATAS/FRO/ODA/ODA_POK/www/API/deploy\css\themes\flatui\images\icons-18-black.png
2014-10-20 09:50:24,251:DEBUG:Remplacement réussi.
2014-10-20 09:50:24,253:DEBUG:Fichier:C:/DATAS/FRO/ODA/ODA_POK/www/API/deploy\css\themes\flatui\images\icons-18-white.png
2014-10-20 09:50:24,269:DEBUG:Remplacement réussi.
2014-10-20 09:50:24,270:DEBUG:Fichier:C:/DATAS/FRO/ODA/ODA_POK/www/API/deploy\css\themes\flatui\images\icons-36-black.png
2014-10-20 09:50:24,287:DEBUG:Remplacement réussi.
2014-10-20 09:50:24,289:DEBUG:Fichier:C:/DATAS/FRO/ODA/ODA_POK/www/API/deploy\css\themes\flatui\images\icons-36-white.png
2014-10-20 09:50:24,300:DEBUG:Remplacement réussi.
2014-10-20 09:50:24,301:DEBUG:Fichier:C:/DATAS/FRO/ODA/ODA_POK/www/API/deploy\css\themes\flatui\jquery.mobile.icons.min.css
2014-10-20 09:50:24,305:DEBUG:Remplacement réussi.
2014-10-20 09:50:24,306:DEBUG:Fichier:C:/DATAS/FRO/ODA/ODA_POK/www/API/deploy\css\themes\flatui\jquery.mobile.theme.min.css
2014-10-20 09:50:24,354:DEBUG:Remplacement réussi.
2014-10-20 09:50:24,355:DEBUG:Fichier:C:/DATAS/FRO/ODA/ODA_POK/www/API/deploy\css\themes\flatui\preview.png
2014-10-20 09:50:24,376:DEBUG:Remplacement réussi.
2014-10-20 09:50:24,377:DEBUG:Directory:C:/DATAS/FRO/ODA/ODA_POK/www/API/deploy\img
2014-10-20 09:50:24,377:DEBUG:Dossier déjà présent.
2014-10-20 09:50:24,378:DEBUG:Fichier:C:/DATAS/FRO/ODA/ODA_POK/www/API/deploy\img\bt_deplier.png
2014-10-20 09:50:24,382:DEBUG:Remplacement réussi.
2014-10-20 09:50:24,382:DEBUG:Fichier:C:/DATAS/FRO/ODA/ODA_POK/www/API/deploy\img\bt_faq.png
2014-10-20 09:50:24,391:DEBUG:Remplacement réussi.
2014-10-20 09:50:24,392:DEBUG:Fichier:C:/DATAS/FRO/ODA/ODA_POK/www/API/deploy\img\bt_home.png
2014-10-20 09:50:24,396:DEBUG:Remplacement réussi.
2014-10-20 09:50:24,396:DEBUG:Fichier:C:/DATAS/FRO/ODA/ODA_POK/www/API/deploy\img\bt_info.png
2014-10-20 09:50:24,400:DEBUG:Remplacement réussi.
2014-10-20 09:50:24,401:DEBUG:Fichier:C:/DATAS/FRO/ODA/ODA_POK/www/API/deploy\img\bt_sortie.png
2014-10-20 09:50:24,404:DEBUG:Remplacement réussi.
2014-10-20 09:50:24,404:DEBUG:Fichier:C:/DATAS/FRO/ODA/ODA_POK/www/API/deploy\img\ihm1.png
2014-10-20 09:50:24,415:DEBUG:Remplacement réussi.
2014-10-20 09:50:24,416:DEBUG:Directory:C:/DATAS/FRO/ODA/ODA_POK/www/API/deploy\include
2014-10-20 09:50:24,416:DEBUG:Dossier déjà présent.
2014-10-20 09:50:24,417:DEBUG:Fichier:C:/DATAS/FRO/ODA/ODA_POK/www/API/deploy\include\config.js
2014-10-20 09:50:24,417:DEBUG:Ignore réussi.
2014-10-20 09:50:24,418:DEBUG:Fichier:C:/DATAS/FRO/ODA/ODA_POK/www/API/deploy\include\config.php
2014-10-20 09:50:24,418:DEBUG:Ignore réussi.
2014-10-20 09:50:24,419:DEBUG:Fichier:C:/DATAS/FRO/ODA/ODA_POK/www/API/deploy\include\config_exemple.js
2014-10-20 09:50:24,426:DEBUG:Remplacement réussi.
2014-10-20 09:50:24,428:DEBUG:Fichier:C:/DATAS/FRO/ODA/ODA_POK/www/API/deploy\include\config_exemple.php
2014-10-20 09:50:24,432:DEBUG:Remplacement réussi.
2014-10-20 09:50:24,433:DEBUG:Fichier:C:/DATAS/FRO/ODA/ODA_POK/www/API/deploy\index.html
2014-10-20 09:50:24,439:DEBUG:Remplacement réussi.
2014-10-20 09:50:24,439:DEBUG:Directory:C:/DATAS/FRO/ODA/ODA_POK/www/API/deploy\install
2014-10-20 09:50:24,439:DEBUG:Dossier déjà présent.
2014-10-20 09:50:24,440:DEBUG:Directory:C:/DATAS/FRO/ODA/ODA_POK/www/API/deploy\install\API
2014-10-20 09:50:24,440:DEBUG:Dossier déjà présent.
2014-10-20 09:50:24,441:DEBUG:Fichier:C:/DATAS/FRO/ODA/ODA_POK/www/API/deploy\install\API\init_datas.sql
2014-10-20 09:50:24,441:DEBUG:Ignore réussi.
2014-10-20 09:50:24,442:DEBUG:Fichier:C:/DATAS/FRO/ODA/ODA_POK/www/API/deploy\install\API\init_struct.sql
2014-10-20 09:50:24,442:DEBUG:Ignore réussi.
2014-10-20 09:50:24,442:DEBUG:Directory:C:/DATAS/FRO/ODA/ODA_POK/www/API/deploy\install\API\PatchsDb
2014-10-20 09:50:24,443:DEBUG:Dossier créé.
2014-10-20 09:50:24,444:DEBUG:Directory:C:/DATAS/FRO/ODA/ODA_POK/www/API/deploy\install\API\PatchsDb\R114
2014-10-20 09:50:24,444:DEBUG:Dossier créé.
2014-10-20 09:50:24,446:DEBUG:Fichier:C:/DATAS/FRO/ODA/ODA_POK/www/API/deploy\install\API\PatchsDb\R114\do.sql
2014-10-20 09:50:24,450:DEBUG:Copie réussi.
2014-10-20 09:50:24,450:DEBUG:Fichier:C:/DATAS/FRO/ODA/ODA_POK/www/API/deploy\install\API\PatchsDb\R114\unDo.sql
2014-10-20 09:50:24,453:DEBUG:Copie réussi.
2014-10-20 09:50:24,454:DEBUG:Directory:C:/DATAS/FRO/ODA/ODA_POK/www/API/deploy\install\API\PatchsDb\R116
2014-10-20 09:50:24,454:DEBUG:Dossier créé.
2014-10-20 09:50:24,455:DEBUG:Fichier:C:/DATAS/FRO/ODA/ODA_POK/www/API/deploy\install\API\PatchsDb\R116\do.sql
2014-10-20 09:50:24,458:DEBUG:Copie réussi.
2014-10-20 09:50:24,459:DEBUG:Fichier:C:/DATAS/FRO/ODA/ODA_POK/www/API/deploy\install\API\PatchsDb\R116\unDo.sql
2014-10-20 09:50:24,462:DEBUG:Copie réussi.
2014-10-20 09:50:24,463:DEBUG:Directory:C:/DATAS/FRO/ODA/ODA_POK/www/API/deploy\install\API\PatchsDb\R121
2014-10-20 09:50:24,463:DEBUG:Dossier créé.
2014-10-20 09:50:24,464:DEBUG:Fichier:C:/DATAS/FRO/ODA/ODA_POK/www/API/deploy\install\API\PatchsDb\R121\do.sql
2014-10-20 09:50:24,467:DEBUG:Copie réussi.
2014-10-20 09:50:24,468:DEBUG:Fichier:C:/DATAS/FRO/ODA/ODA_POK/www/API/deploy\install\API\PatchsDb\R121\unDo.sql
2014-10-20 09:50:24,471:DEBUG:Copie réussi.
2014-10-20 09:50:24,471:DEBUG:Directory:C:/DATAS/FRO/ODA/ODA_POK/www/API/deploy\install\API\PatchsDb\R137
2014-10-20 09:50:24,472:DEBUG:Dossier créé.
2014-10-20 09:50:24,473:DEBUG:Fichier:C:/DATAS/FRO/ODA/ODA_POK/www/API/deploy\install\API\PatchsDb\R137\do.sql
2014-10-20 09:50:24,476:DEBUG:Copie réussi.
2014-10-20 09:50:24,476:DEBUG:Fichier:C:/DATAS/FRO/ODA/ODA_POK/www/API/deploy\install\API\PatchsDb\R137\unDo.sql
2014-10-20 09:50:24,480:DEBUG:Copie réussi.
2014-10-20 09:50:24,480:DEBUG:Directory:C:/DATAS/FRO/ODA/ODA_POK/www/API/deploy\install\API\PatchsDb\R162
2014-10-20 09:50:24,481:DEBUG:Dossier créé.
2014-10-20 09:50:24,481:DEBUG:Fichier:C:/DATAS/FRO/ODA/ODA_POK/www/API/deploy\install\API\PatchsDb\R162\do.sql
2014-10-20 09:50:24,485:DEBUG:Copie réussi.
2014-10-20 09:50:24,485:DEBUG:Fichier:C:/DATAS/FRO/ODA/ODA_POK/www/API/deploy\install\API\PatchsDb\R162\unDo.sql
2014-10-20 09:50:24,489:DEBUG:Copie réussi.
2014-10-20 09:50:24,489:DEBUG:Directory:C:/DATAS/FRO/ODA/ODA_POK/www/API/deploy\install\API\PatchsDb\R168
2014-10-20 09:50:24,490:DEBUG:Dossier créé.
2014-10-20 09:50:24,490:DEBUG:Fichier:C:/DATAS/FRO/ODA/ODA_POK/www/API/deploy\install\API\PatchsDb\R168\do.sql
2014-10-20 09:50:24,494:DEBUG:Copie réussi.
2014-10-20 09:50:24,495:DEBUG:Fichier:C:/DATAS/FRO/ODA/ODA_POK/www/API/deploy\install\API\PatchsDb\R168\unDo.sql
2014-10-20 09:50:24,498:DEBUG:Copie réussi.
2014-10-20 09:50:24,498:DEBUG:Directory:C:/DATAS/FRO/ODA/ODA_POK/www/API/deploy\install\API\PatchsDb\R179
2014-10-20 09:50:24,499:DEBUG:Dossier créé.
2014-10-20 09:50:24,499:DEBUG:Fichier:C:/DATAS/FRO/ODA/ODA_POK/www/API/deploy\install\API\PatchsDb\R179\do.sql
2014-10-20 09:50:24,503:DEBUG:Copie réussi.
2014-10-20 09:50:24,503:DEBUG:Fichier:C:/DATAS/FRO/ODA/ODA_POK/www/API/deploy\install\API\PatchsDb\R179\unDo.sql
2014-10-20 09:50:24,507:DEBUG:Copie réussi.
2014-10-20 09:50:24,507:DEBUG:Directory:C:/DATAS/FRO/ODA/ODA_POK/www/API/deploy\install\API\PatchsDb\R183
2014-10-20 09:50:24,508:DEBUG:Dossier créé.
2014-10-20 09:50:24,508:DEBUG:Fichier:C:/DATAS/FRO/ODA/ODA_POK/www/API/deploy\install\API\PatchsDb\R183\do.sql
2014-10-20 09:50:24,512:DEBUG:Copie réussi.
2014-10-20 09:50:24,513:DEBUG:Fichier:C:/DATAS/FRO/ODA/ODA_POK/www/API/deploy\install\API\PatchsDb\R183\unDo.sql
2014-10-20 09:50:24,516:DEBUG:Copie réussi.
2014-10-20 09:50:24,516:DEBUG:Directory:C:/DATAS/FRO/ODA/ODA_POK/www/API/deploy\install\API\PatchsDb\R250
2014-10-20 09:50:24,517:DEBUG:Dossier créé.
2014-10-20 09:50:24,517:DEBUG:Fichier:C:/DATAS/FRO/ODA/ODA_POK/www/API/deploy\install\API\PatchsDb\R250\do.sql
2014-10-20 09:50:24,521:DEBUG:Copie réussi.
2014-10-20 09:50:24,522:DEBUG:Fichier:C:/DATAS/FRO/ODA/ODA_POK/www/API/deploy\install\API\PatchsDb\R250\unDo.sql
2014-10-20 09:50:24,525:DEBUG:Copie réussi.
2014-10-20 09:50:24,525:DEBUG:Directory:C:/DATAS/FRO/ODA/ODA_POK/www/API/deploy\install\API\PatchsDb\R274
2014-10-20 09:50:24,526:DEBUG:Dossier créé.
2014-10-20 09:50:24,526:DEBUG:Fichier:C:/DATAS/FRO/ODA/ODA_POK/www/API/deploy\install\API\PatchsDb\R274\do.sql
2014-10-20 09:50:24,531:DEBUG:Copie réussi.
2014-10-20 09:50:24,532:DEBUG:Fichier:C:/DATAS/FRO/ODA/ODA_POK/www/API/deploy\install\API\PatchsDb\R274\unDo.sql
2014-10-20 09:50:24,536:DEBUG:Copie réussi.
2014-10-20 09:50:24,536:DEBUG:Directory:C:/DATAS/FRO/ODA/ODA_POK/www/API/deploy\install\API\PatchsDb\R342
2014-10-20 09:50:24,537:DEBUG:Dossier créé.
2014-10-20 09:50:24,538:DEBUG:Fichier:C:/DATAS/FRO/ODA/ODA_POK/www/API/deploy\install\API\PatchsDb\R342\do.sql
2014-10-20 09:50:24,541:DEBUG:Copie réussi.
2014-10-20 09:50:24,542:DEBUG:Fichier:C:/DATAS/FRO/ODA/ODA_POK/www/API/deploy\install\API\PatchsDb\R342\unDo.sql
2014-10-20 09:50:24,545:DEBUG:Copie réussi.
2014-10-20 09:50:24,545:DEBUG:Directory:C:/DATAS/FRO/ODA/ODA_POK/www/API/deploy\install\API\PatchsDb\R344
2014-10-20 09:50:24,546:DEBUG:Dossier créé.
2014-10-20 09:50:24,546:DEBUG:Fichier:C:/DATAS/FRO/ODA/ODA_POK/www/API/deploy\install\API\PatchsDb\R344\do.sql
2014-10-20 09:50:24,551:DEBUG:Copie réussi.
2014-10-20 09:50:24,552:DEBUG:Fichier:C:/DATAS/FRO/ODA/ODA_POK/www/API/deploy\install\API\PatchsDb\R344\unDo.sql
2014-10-20 09:50:24,556:DEBUG:Copie réussi.
2014-10-20 09:50:24,556:DEBUG:Directory:C:/DATAS/FRO/ODA/ODA_POK/www/API/deploy\install\API\PatchsDb\R349
2014-10-20 09:50:24,557:DEBUG:Dossier créé.
2014-10-20 09:50:24,557:DEBUG:Fichier:C:/DATAS/FRO/ODA/ODA_POK/www/API/deploy\install\API\PatchsDb\R349\do.sql
2014-10-20 09:50:24,561:DEBUG:Copie réussi.
2014-10-20 09:50:24,561:DEBUG:Fichier:C:/DATAS/FRO/ODA/ODA_POK/www/API/deploy\install\API\PatchsDb\R349\unDo.sql
2014-10-20 09:50:24,566:DEBUG:Copie réussi.
2014-10-20 09:50:24,566:DEBUG:Directory:C:/DATAS/FRO/ODA/ODA_POK/www/API/deploy\install\API\PatchsDb\R358
2014-10-20 09:50:24,567:DEBUG:Dossier créé.
2014-10-20 09:50:24,568:DEBUG:Fichier:C:/DATAS/FRO/ODA/ODA_POK/www/API/deploy\install\API\PatchsDb\R358\do.sql
2014-10-20 09:50:24,571:DEBUG:Copie réussi.
2014-10-20 09:50:24,572:DEBUG:Fichier:C:/DATAS/FRO/ODA/ODA_POK/www/API/deploy\install\API\PatchsDb\R358\unDo.sql
2014-10-20 09:50:24,575:DEBUG:Copie réussi.
2014-10-20 09:50:24,576:DEBUG:Directory:C:/DATAS/FRO/ODA/ODA_POK/www/API/deploy\install\API\PatchsDb\Rxxx
2014-10-20 09:50:24,576:DEBUG:Dossier créé.
2014-10-20 09:50:24,577:DEBUG:Fichier:C:/DATAS/FRO/ODA/ODA_POK/www/API/deploy\install\API\PatchsDb\Rxxx\do.sql
2014-10-20 09:50:24,580:DEBUG:Copie réussi.
2014-10-20 09:50:24,581:DEBUG:Fichier:C:/DATAS/FRO/ODA/ODA_POK/www/API/deploy\install\API\PatchsDb\Rxxx\unDo.sql
2014-10-20 09:50:24,584:DEBUG:Copie réussi.
2014-10-20 09:50:24,585:DEBUG:Fichier:C:/DATAS/FRO/ODA/ODA_POK/www/API/deploy\install\API\readme_fonc.html
2014-10-20 09:50:24,602:DEBUG:Remplacement réussi.
2014-10-20 09:50:24,603:DEBUG:Fichier:C:/DATAS/FRO/ODA/ODA_POK/www/API/deploy\install\API\readme_tech.html
2014-10-20 09:50:24,633:DEBUG:Remplacement réussi.
2014-10-20 09:50:24,634:DEBUG:Fichier:C:/DATAS/FRO/ODA/ODA_POK/www/API/deploy\install\info.txt
2014-10-20 09:50:24,634:DEBUG:Ignore réussi.
2014-10-20 09:50:24,635:DEBUG:Directory:C:/DATAS/FRO/ODA/ODA_POK/www/API/deploy\install\PatchsDb
2014-10-20 09:50:24,636:DEBUG:Dossier créé.
2014-10-20 09:50:24,636:DEBUG:Directory:C:/DATAS/FRO/ODA/ODA_POK/www/API/deploy\install\Procedures_stockees
2014-10-20 09:50:24,637:DEBUG:Dossier déjà présent.
2014-10-20 09:50:24,637:DEBUG:Fichier:C:/DATAS/FRO/ODA/ODA_POK/www/API/deploy\install\Procedures_stockees\procedure_exemple.sql
2014-10-20 09:50:24,640:DEBUG:Remplacement réussi.
2014-10-20 09:50:24,641:DEBUG:Fichier:C:/DATAS/FRO/ODA/ODA_POK/www/API/deploy\install\readme_fonc.html
2014-10-20 09:50:24,645:DEBUG:Remplacement réussi.
2014-10-20 09:50:24,646:DEBUG:Fichier:C:/DATAS/FRO/ODA/ODA_POK/www/API/deploy\install\readme_tech.html
2014-10-20 09:50:24,652:DEBUG:Remplacement réussi.
2014-10-20 09:50:24,653:DEBUG:Directory:C:/DATAS/FRO/ODA/ODA_POK/www/API/deploy\install\Rxxx
2014-10-20 09:50:24,654:DEBUG:Dossier déjà présent.
2014-10-20 09:50:24,654:DEBUG:Fichier:C:/DATAS/FRO/ODA/ODA_POK/www/API/deploy\install\Rxxx\do.sql
2014-10-20 09:50:24,658:DEBUG:Remplacement réussi.
2014-10-20 09:50:24,659:DEBUG:Fichier:C:/DATAS/FRO/ODA/ODA_POK/www/API/deploy\install\Rxxx\unDo.sql
2014-10-20 09:50:24,662:DEBUG:Remplacement réussi.
2014-10-20 09:50:24,663:DEBUG:Directory:C:/DATAS/FRO/ODA/ODA_POK/www/API/deploy\install\Vues
2014-10-20 09:50:24,663:DEBUG:Dossier déjà présent.
2014-10-20 09:50:24,664:DEBUG:Fichier:C:/DATAS/FRO/ODA/ODA_POK/www/API/deploy\install\Vues\vue_exemple.sql
2014-10-20 09:50:24,667:DEBUG:Remplacement réussi.
2014-10-20 09:50:24,668:DEBUG:Directory:C:/DATAS/FRO/ODA/ODA_POK/www/API/deploy\js
2014-10-20 09:50:24,668:DEBUG:Dossier déjà présent.
2014-10-20 09:50:24,669:DEBUG:Fichier:C:/DATAS/FRO/ODA/ODA_POK/www/API/deploy\js\fonctions.js
2014-10-20 09:50:24,669:DEBUG:Ignore réussi.
2014-10-20 09:50:24,670:DEBUG:Fichier:C:/DATAS/FRO/ODA/ODA_POK/www/API/deploy\js\fonctions_exemple.js
2014-10-20 09:50:24,675:DEBUG:Remplacement réussi.
2014-10-20 09:50:24,675:DEBUG:Fichier:C:/DATAS/FRO/ODA/ODA_POK/www/API/deploy\page_exemple.html
2014-10-20 09:50:24,680:DEBUG:Remplacement réussi.
2014-10-20 09:50:24,680:DEBUG:Fichier:C:/DATAS/FRO/ODA/ODA_POK/www/API/deploy\page_home.html
2014-10-20 09:50:24,681:DEBUG:Ignore réussi.
2014-10-20 09:50:24,682:DEBUG:Directory:C:/DATAS/FRO/ODA/ODA_POK/www/API/deploy\php
2014-10-20 09:50:24,682:DEBUG:Dossier déjà présent.
2014-10-20 09:50:24,683:DEBUG:Fichier:C:/DATAS/FRO/ODA/ODA_POK/www/API/deploy\php\fonctions.php
2014-10-20 09:50:24,683:DEBUG:Ignore réussi.
2014-10-20 09:50:24,683:DEBUG:Fichier:C:/DATAS/FRO/ODA/ODA_POK/www/API/deploy\php\fonctions_exemple.php
2014-10-20 09:50:24,686:DEBUG:Remplacement réussi.
2014-10-20 09:50:24,687:DEBUG:Directory:C:/DATAS/FRO/ODA/ODA_POK/www/API/deploy\phpsql
2014-10-20 09:50:24,688:DEBUG:Dossier déjà présent.
2014-10-20 09:50:24,688:DEBUG:Fichier:C:/DATAS/FRO/ODA/ODA_POK/www/API/deploy\phpsql\exemple.php
2014-10-20 09:50:24,692:DEBUG:Remplacement réussi.
2014-10-20 09:50:24,693:DEBUG:Directory:C:/DATAS/FRO/ODA/ODA_POK/www/API/deploy\phpsql\test
2014-10-20 09:50:24,693:DEBUG:Dossier déjà présent.
2014-10-20 09:50:24,694:DEBUG:Directory:C:/DATAS/FRO/ODA/ODA_POK/www/API/deploy\scriptphp
2014-10-20 09:50:24,695:DEBUG:Dossier déjà présent.
2014-10-20 09:50:24,695:DEBUG:Directory:C:/DATAS/FRO/ODA/ODA_POK/www/API/deploy\scriptpython
2014-10-20 09:50:24,696:DEBUG:Dossier créé.
2014-10-20 09:50:24,697:DEBUG:Directory:C:/DATAS/FRO/ODA/ODA_POK/www/API/deploy\scriptpython\emptyPython
2014-10-20 09:50:24,697:DEBUG:Dossier créé.
2014-10-20 09:50:24,698:DEBUG:Fichier:C:/DATAS/FRO/ODA/ODA_POK/www/API/deploy\scriptpython\emptyPython\exemple.config.emptyPython.json
2014-10-20 09:50:24,701:DEBUG:Copie réussi.
2014-10-20 09:50:24,702:DEBUG:Fichier:C:/DATAS/FRO/ODA/ODA_POK/www/API/deploy\scriptpython\emptyPython\script_emptyPython.py
2014-10-20 09:50:24,705:DEBUG:Copie réussi.
2014-10-20 09:50:24,705:DEBUG:Fichier:C:/DATAS/FRO/ODA/ODA_POK/www/API/deploy\scriptpython\emptyPython\start.bat
2014-10-20 09:50:24,709:DEBUG:Copie réussi.
2014-10-20 09:50:24,710:DEBUG:Directory:C:/DATAS/FRO/ODA/ODA_POK/www/API/deploy\test
2014-10-20 09:50:24,710:DEBUG:Dossier déjà présent.
2014-10-20 09:50:24,710:DEBUG:Directory:C:/DATAS/FRO/ODA/ODA_POK/www/API/deploy\test\resources
2014-10-20 09:50:24,711:DEBUG:Dossier déjà présent.
2014-10-20 09:50:24,711:DEBUG:Fichier:C:/DATAS/FRO/ODA/ODA_POK/www/API/deploy\test\resources\php.js
2014-10-20 09:50:24,716:DEBUG:Copie réussi.
2014-10-20 09:50:24,716:DEBUG:Fichier:C:/DATAS/FRO/ODA/ODA_POK/www/API/deploy\test\resources\php_exemple.js
2014-10-20 09:50:24,720:DEBUG:Copie réussi.
2014-10-20 09:50:24,721:DEBUG:Fichier:C:/DATAS/FRO/ODA/ODA_POK/www/API/deploy\test\resources\test.js
2014-10-20 09:50:24,725:DEBUG:Copie réussi.
2014-10-20 09:50:24,726:DEBUG:Fichier:C:/DATAS/FRO/ODA/ODA_POK/www/API/deploy\test\resources\test_exemple.js
2014-10-20 09:50:24,731:DEBUG:Remplacement réussi.
2014-10-20 09:50:24,732:DEBUG:Fichier:C:/DATAS/FRO/ODA/ODA_POK/www/API/deploy\test\scenario_exemple.html
2014-10-20 09:50:24,737:DEBUG:Remplacement réussi.
2014-10-20 09:50:24,737:DEBUG:Fichier:C:/DATAS/FRO/ODA/ODA_POK/www/API/deploy\test\test_exemple.php
2014-10-20 09:50:24,741:DEBUG:Remplacement réussi.
2014-10-20 09:50:24,741:INFO:+Fin du script.
2014-10-21 13:05:14,483:INFO:-------------------------------------------------------
2014-10-21 13:05:14,483:INFO:+Bienvenue dans le script de traitement ODA module API.
2014-10-21 13:05:14,484:INFO:+Mode d'action choisi : update.
2014-10-21 13:05:14,484:DEBUG:Début chargement configuration
2014-10-21 13:05:14,500:DEBUG:Chargement configuration réussi
2014-10-21 13:05:14,500:INFO:+Lance la mise à jour.
2014-10-21 13:05:14,501:INFO:+Update des fichiers.
2014-10-21 13:05:14,501:DEBUG:Fichier:C:/DATAS/FRO/ODA/ODA_POK/www/API/deploy\api_admin.html
2014-10-21 13:05:14,508:DEBUG:Remplacement réussi.
2014-10-21 13:05:14,508:DEBUG:Fichier:C:/DATAS/FRO/ODA/ODA_POK/www/API/deploy\api_page_accesperdu.html
2014-10-21 13:05:14,514:DEBUG:Remplacement réussi.
2014-10-21 13:05:14,514:DEBUG:Fichier:C:/DATAS/FRO/ODA/ODA_POK/www/API/deploy\api_page_contact.html
2014-10-21 13:05:14,519:DEBUG:Remplacement réussi.
2014-10-21 13:05:14,520:DEBUG:Fichier:C:/DATAS/FRO/ODA/ODA_POK/www/API/deploy\api_page_contact_restreint.html
2014-10-21 13:05:14,525:DEBUG:Remplacement réussi.
2014-10-21 13:05:14,526:DEBUG:Fichier:C:/DATAS/FRO/ODA/ODA_POK/www/API/deploy\api_page_creercompte.html
2014-10-21 13:05:14,532:DEBUG:Remplacement réussi.
2014-10-21 13:05:14,532:DEBUG:Fichier:C:/DATAS/FRO/ODA/ODA_POK/www/API/deploy\api_page_error.html
2014-10-21 13:05:14,537:DEBUG:Remplacement réussi.
2014-10-21 13:05:14,538:DEBUG:Fichier:C:/DATAS/FRO/ODA/ODA_POK/www/API/deploy\api_page_faq.html
2014-10-21 13:05:14,543:DEBUG:Remplacement réussi.
2014-10-21 13:05:14,544:DEBUG:Fichier:C:/DATAS/FRO/ODA/ODA_POK/www/API/deploy\api_page_maintenance.html
2014-10-21 13:05:14,549:DEBUG:Remplacement réussi.
2014-10-21 13:05:14,550:DEBUG:Fichier:C:/DATAS/FRO/ODA/ODA_POK/www/API/deploy\api_page_sortie.html
2014-10-21 13:05:14,557:DEBUG:Remplacement réussi.
2014-10-21 13:05:14,558:DEBUG:Fichier:C:/DATAS/FRO/ODA/ODA_POK/www/API/deploy\api_profile.html
2014-10-21 13:05:14,564:DEBUG:Remplacement réussi.
2014-10-21 13:05:14,565:DEBUG:Fichier:C:/DATAS/FRO/ODA/ODA_POK/www/API/deploy\api_stats.html
2014-10-21 13:05:14,572:DEBUG:Remplacement réussi.
2014-10-21 13:05:14,573:DEBUG:Fichier:C:/DATAS/FRO/ODA/ODA_POK/www/API/deploy\api_supervision.html
2014-10-21 13:05:14,580:DEBUG:Remplacement réussi.
2014-10-21 13:05:14,580:DEBUG:Directory:C:/DATAS/FRO/ODA/ODA_POK/www/API/deploy\css
2014-10-21 13:05:14,581:DEBUG:Dossier déjà présent.
2014-10-21 13:05:14,582:DEBUG:Fichier:C:/DATAS/FRO/ODA/ODA_POK/www/API/deploy\css\mycss.css
2014-10-21 13:05:14,583:DEBUG:Ignore réussi.
2014-10-21 13:05:14,583:DEBUG:Directory:C:/DATAS/FRO/ODA/ODA_POK/www/API/deploy\css\themes
2014-10-21 13:05:14,584:DEBUG:Dossier déjà présent.
2014-10-21 13:05:14,584:DEBUG:Directory:C:/DATAS/FRO/ODA/ODA_POK/www/API/deploy\css\themes\flatui
2014-10-21 13:05:14,585:DEBUG:Dossier déjà présent.
2014-10-21 13:05:14,586:DEBUG:Directory:C:/DATAS/FRO/ODA/ODA_POK/www/API/deploy\css\themes\flatui\fonts
2014-10-21 13:05:14,586:DEBUG:Dossier déjà présent.
2014-10-21 13:05:14,587:DEBUG:Fichier:C:/DATAS/FRO/ODA/ODA_POK/www/API/deploy\css\themes\flatui\fonts\Flat-UI-Icons-24.ttf
2014-10-21 13:05:14,593:DEBUG:Remplacement réussi.
2014-10-21 13:05:14,593:DEBUG:Fichier:C:/DATAS/FRO/ODA/ODA_POK/www/API/deploy\css\themes\flatui\fonts\Flat-UI-Icons-24.woff
2014-10-21 13:05:14,598:DEBUG:Remplacement réussi.
2014-10-21 13:05:14,599:DEBUG:Fichier:C:/DATAS/FRO/ODA/ODA_POK/www/API/deploy\css\themes\flatui\fonts\lato-black.ttf
2014-10-21 13:05:14,605:DEBUG:Remplacement réussi.
2014-10-21 13:05:14,606:DEBUG:Fichier:C:/DATAS/FRO/ODA/ODA_POK/www/API/deploy\css\themes\flatui\fonts\lato-black.woff
2014-10-21 13:05:14,612:DEBUG:Remplacement réussi.
2014-10-21 13:05:14,613:DEBUG:Fichier:C:/DATAS/FRO/ODA/ODA_POK/www/API/deploy\css\themes\flatui\fonts\lato-bold.ttf
2014-10-21 13:05:14,618:DEBUG:Remplacement réussi.
2014-10-21 13:05:14,619:DEBUG:Fichier:C:/DATAS/FRO/ODA/ODA_POK/www/API/deploy\css\themes\flatui\fonts\lato-bold.woff
2014-10-21 13:05:14,624:DEBUG:Remplacement réussi.
2014-10-21 13:05:14,625:DEBUG:Fichier:C:/DATAS/FRO/ODA/ODA_POK/www/API/deploy\css\themes\flatui\fonts\lato-italic.ttf
2014-10-21 13:05:14,630:DEBUG:Remplacement réussi.
2014-10-21 13:05:14,631:DEBUG:Fichier:C:/DATAS/FRO/ODA/ODA_POK/www/API/deploy\css\themes\flatui\fonts\lato-italic.woff
2014-10-21 13:05:14,637:DEBUG:Remplacement réussi.
2014-10-21 13:05:14,638:DEBUG:Fichier:C:/DATAS/FRO/ODA/ODA_POK/www/API/deploy\css\themes\flatui\fonts\lato-regular.ttf
2014-10-21 13:05:14,644:DEBUG:Remplacement réussi.
2014-10-21 13:05:14,645:DEBUG:Fichier:C:/DATAS/FRO/ODA/ODA_POK/www/API/deploy\css\themes\flatui\fonts\lato-regular.woff
2014-10-21 13:05:14,650:DEBUG:Remplacement réussi.
2014-10-21 13:05:14,650:DEBUG:Directory:C:/DATAS/FRO/ODA/ODA_POK/www/API/deploy\css\themes\flatui\images
2014-10-21 13:05:14,651:DEBUG:Dossier déjà présent.
2014-10-21 13:05:14,652:DEBUG:Fichier:C:/DATAS/FRO/ODA/ODA_POK/www/API/deploy\css\themes\flatui\images\ajax-loader.gif
2014-10-21 13:05:14,670:DEBUG:Remplacement réussi.
2014-10-21 13:05:14,671:DEBUG:Fichier:C:/DATAS/FRO/ODA/ODA_POK/www/API/deploy\css\themes\flatui\images\icons-18-black.png
2014-10-21 13:05:14,730:DEBUG:Remplacement réussi.
2014-10-21 13:05:14,732:DEBUG:Fichier:C:/DATAS/FRO/ODA/ODA_POK/www/API/deploy\css\themes\flatui\images\icons-18-white.png
2014-10-21 13:05:14,760:DEBUG:Remplacement réussi.
2014-10-21 13:05:14,761:DEBUG:Fichier:C:/DATAS/FRO/ODA/ODA_POK/www/API/deploy\css\themes\flatui\images\icons-36-black.png
2014-10-21 13:05:14,779:DEBUG:Remplacement réussi.
2014-10-21 13:05:14,913:DEBUG:Fichier:C:/DATAS/FRO/ODA/ODA_POK/www/API/deploy\css\themes\flatui\images\icons-36-white.png
2014-10-21 13:05:14,958:DEBUG:Remplacement réussi.
2014-10-21 13:05:14,959:DEBUG:Fichier:C:/DATAS/FRO/ODA/ODA_POK/www/API/deploy\css\themes\flatui\jquery.mobile.icons.min.css
2014-10-21 13:05:14,966:DEBUG:Remplacement réussi.
2014-10-21 13:05:14,967:DEBUG:Fichier:C:/DATAS/FRO/ODA/ODA_POK/www/API/deploy\css\themes\flatui\jquery.mobile.theme.min.css
2014-10-21 13:05:14,981:DEBUG:Remplacement réussi.
2014-10-21 13:05:14,983:DEBUG:Fichier:C:/DATAS/FRO/ODA/ODA_POK/www/API/deploy\css\themes\flatui\preview.png
2014-10-21 13:05:15,021:DEBUG:Remplacement réussi.
2014-10-21 13:05:15,022:DEBUG:Directory:C:/DATAS/FRO/ODA/ODA_POK/www/API/deploy\img
2014-10-21 13:05:15,023:DEBUG:Dossier déjà présent.
2014-10-21 13:05:15,023:DEBUG:Fichier:C:/DATAS/FRO/ODA/ODA_POK/www/API/deploy\img\bt_deplier.png
2014-10-21 13:05:15,027:DEBUG:Remplacement réussi.
2014-10-21 13:05:15,028:DEBUG:Fichier:C:/DATAS/FRO/ODA/ODA_POK/www/API/deploy\img\bt_faq.png
2014-10-21 13:05:15,048:DEBUG:Remplacement réussi.
2014-10-21 13:05:15,049:DEBUG:Fichier:C:/DATAS/FRO/ODA/ODA_POK/www/API/deploy\img\bt_home.png
2014-10-21 13:05:15,052:DEBUG:Remplacement réussi.
2014-10-21 13:05:15,053:DEBUG:Fichier:C:/DATAS/FRO/ODA/ODA_POK/www/API/deploy\img\bt_info.png
2014-10-21 13:05:15,057:DEBUG:Remplacement réussi.
2014-10-21 13:05:15,058:DEBUG:Fichier:C:/DATAS/FRO/ODA/ODA_POK/www/API/deploy\img\bt_sortie.png
2014-10-21 13:05:15,061:DEBUG:Remplacement réussi.
2014-10-21 13:05:15,062:DEBUG:Fichier:C:/DATAS/FRO/ODA/ODA_POK/www/API/deploy\img\ihm1.png
2014-10-21 13:05:15,083:DEBUG:Remplacement réussi.
2014-10-21 13:05:15,084:DEBUG:Directory:C:/DATAS/FRO/ODA/ODA_POK/www/API/deploy\include
2014-10-21 13:05:15,084:DEBUG:Dossier déjà présent.
2014-10-21 13:05:15,085:DEBUG:Fichier:C:/DATAS/FRO/ODA/ODA_POK/www/API/deploy\include\config.js
2014-10-21 13:05:15,086:DEBUG:Ignore réussi.
2014-10-21 13:05:15,086:DEBUG:Fichier:C:/DATAS/FRO/ODA/ODA_POK/www/API/deploy\include\config.php
2014-10-21 13:05:15,086:DEBUG:Ignore réussi.
2014-10-21 13:05:15,087:DEBUG:Fichier:C:/DATAS/FRO/ODA/ODA_POK/www/API/deploy\include\config_exemple.js
2014-10-21 13:05:15,092:DEBUG:Remplacement réussi.
2014-10-21 13:05:15,093:DEBUG:Fichier:C:/DATAS/FRO/ODA/ODA_POK/www/API/deploy\include\config_exemple.php
2014-10-21 13:05:15,097:DEBUG:Remplacement réussi.
2014-10-21 13:05:15,097:DEBUG:Fichier:C:/DATAS/FRO/ODA/ODA_POK/www/API/deploy\index.html
2014-10-21 13:05:15,102:DEBUG:Remplacement réussi.
2014-10-21 13:05:15,103:DEBUG:Directory:C:/DATAS/FRO/ODA/ODA_POK/www/API/deploy\install
2014-10-21 13:05:15,103:DEBUG:Dossier déjà présent.
2014-10-21 13:05:15,104:DEBUG:Directory:C:/DATAS/FRO/ODA/ODA_POK/www/API/deploy\install\API
2014-10-21 13:05:15,104:DEBUG:Dossier déjà présent.
2014-10-21 13:05:15,105:DEBUG:Fichier:C:/DATAS/FRO/ODA/ODA_POK/www/API/deploy\install\API\init_datas.sql
2014-10-21 13:05:15,105:DEBUG:Ignore réussi.
2014-10-21 13:05:15,106:DEBUG:Fichier:C:/DATAS/FRO/ODA/ODA_POK/www/API/deploy\install\API\init_struct.sql
2014-10-21 13:05:15,107:DEBUG:Ignore réussi.
2014-10-21 13:05:15,108:DEBUG:Directory:C:/DATAS/FRO/ODA/ODA_POK/www/API/deploy\install\API\PatchsDb
2014-10-21 13:05:15,108:DEBUG:Dossier déjà présent.
2014-10-21 13:05:15,109:DEBUG:Directory:C:/DATAS/FRO/ODA/ODA_POK/www/API/deploy\install\API\PatchsDb\R114
2014-10-21 13:05:15,109:DEBUG:Dossier déjà présent.
2014-10-21 13:05:15,110:DEBUG:Fichier:C:/DATAS/FRO/ODA/ODA_POK/www/API/deploy\install\API\PatchsDb\R114\do.sql
2014-10-21 13:05:15,114:DEBUG:Remplacement réussi.
2014-10-21 13:05:15,114:DEBUG:Fichier:C:/DATAS/FRO/ODA/ODA_POK/www/API/deploy\install\API\PatchsDb\R114\unDo.sql
2014-10-21 13:05:15,118:DEBUG:Remplacement réussi.
2014-10-21 13:05:15,119:DEBUG:Directory:C:/DATAS/FRO/ODA/ODA_POK/www/API/deploy\install\API\PatchsDb\R116
2014-10-21 13:05:15,120:DEBUG:Dossier déjà présent.
2014-10-21 13:05:15,120:DEBUG:Fichier:C:/DATAS/FRO/ODA/ODA_POK/www/API/deploy\install\API\PatchsDb\R116\do.sql
2014-10-21 13:05:15,125:DEBUG:Remplacement réussi.
2014-10-21 13:05:15,125:DEBUG:Fichier:C:/DATAS/FRO/ODA/ODA_POK/www/API/deploy\install\API\PatchsDb\R116\unDo.sql
2014-10-21 13:05:15,129:DEBUG:Remplacement réussi.
2014-10-21 13:05:15,130:DEBUG:Directory:C:/DATAS/FRO/ODA/ODA_POK/www/API/deploy\install\API\PatchsDb\R121
2014-10-21 13:05:15,131:DEBUG:Dossier déjà présent.
2014-10-21 13:05:15,131:DEBUG:Fichier:C:/DATAS/FRO/ODA/ODA_POK/www/API/deploy\install\API\PatchsDb\R121\do.sql
2014-10-21 13:05:15,136:DEBUG:Remplacement réussi.
2014-10-21 13:05:15,136:DEBUG:Fichier:C:/DATAS/FRO/ODA/ODA_POK/www/API/deploy\install\API\PatchsDb\R121\unDo.sql
2014-10-21 13:05:15,141:DEBUG:Remplacement réussi.
2014-10-21 13:05:15,141:DEBUG:Directory:C:/DATAS/FRO/ODA/ODA_POK/www/API/deploy\install\API\PatchsDb\R137
2014-10-21 13:05:15,142:DEBUG:Dossier déjà présent.
2014-10-21 13:05:15,143:DEBUG:Fichier:C:/DATAS/FRO/ODA/ODA_POK/www/API/deploy\install\API\PatchsDb\R137\do.sql
2014-10-21 13:05:15,147:DEBUG:Remplacement réussi.
2014-10-21 13:05:15,147:DEBUG:Fichier:C:/DATAS/FRO/ODA/ODA_POK/www/API/deploy\install\API\PatchsDb\R137\unDo.sql
2014-10-21 13:05:15,152:DEBUG:Remplacement réussi.
2014-10-21 13:05:15,153:DEBUG:Directory:C:/DATAS/FRO/ODA/ODA_POK/www/API/deploy\install\API\PatchsDb\R162
2014-10-21 13:05:15,154:DEBUG:Dossier déjà présent.
2014-10-21 13:05:15,155:DEBUG:Fichier:C:/DATAS/FRO/ODA/ODA_POK/www/API/deploy\install\API\PatchsDb\R162\do.sql
2014-10-21 13:05:15,160:DEBUG:Remplacement réussi.
2014-10-21 13:05:15,161:DEBUG:Fichier:C:/DATAS/FRO/ODA/ODA_POK/www/API/deploy\install\API\PatchsDb\R162\unDo.sql
2014-10-21 13:05:15,165:DEBUG:Remplacement réussi.
2014-10-21 13:05:15,166:DEBUG:Directory:C:/DATAS/FRO/ODA/ODA_POK/www/API/deploy\install\API\PatchsDb\R168
2014-10-21 13:05:15,168:DEBUG:Dossier déjà présent.
2014-10-21 13:05:15,169:DEBUG:Fichier:C:/DATAS/FRO/ODA/ODA_POK/www/API/deploy\install\API\PatchsDb\R168\do.sql
2014-10-21 13:05:15,175:DEBUG:Remplacement réussi.
2014-10-21 13:05:15,176:DEBUG:Fichier:C:/DATAS/FRO/ODA/ODA_POK/www/API/deploy\install\API\PatchsDb\R168\unDo.sql
2014-10-21 13:05:15,182:DEBUG:Remplacement réussi.
2014-10-21 13:05:15,182:DEBUG:Directory:C:/DATAS/FRO/ODA/ODA_POK/www/API/deploy\install\API\PatchsDb\R179
2014-10-21 13:05:15,183:DEBUG:Dossier déjà présent.
2014-10-21 13:05:15,184:DEBUG:Fichier:C:/DATAS/FRO/ODA/ODA_POK/www/API/deploy\install\API\PatchsDb\R179\do.sql
2014-10-21 13:05:15,188:DEBUG:Remplacement réussi.
2014-10-21 13:05:15,189:DEBUG:Fichier:C:/DATAS/FRO/ODA/ODA_POK/www/API/deploy\install\API\PatchsDb\R179\unDo.sql
2014-10-21 13:05:15,192:DEBUG:Remplacement réussi.
2014-10-21 13:05:15,193:DEBUG:Directory:C:/DATAS/FRO/ODA/ODA_POK/www/API/deploy\install\API\PatchsDb\R183
2014-10-21 13:05:15,194:DEBUG:Dossier déjà présent.
2014-10-21 13:05:15,194:DEBUG:Fichier:C:/DATAS/FRO/ODA/ODA_POK/www/API/deploy\install\API\PatchsDb\R183\do.sql
2014-10-21 13:05:15,198:DEBUG:Remplacement réussi.
2014-10-21 13:05:15,199:DEBUG:Fichier:C:/DATAS/FRO/ODA/ODA_POK/www/API/deploy\install\API\PatchsDb\R183\unDo.sql
2014-10-21 13:05:15,203:DEBUG:Remplacement réussi.
2014-10-21 13:05:15,204:DEBUG:Directory:C:/DATAS/FRO/ODA/ODA_POK/www/API/deploy\install\API\PatchsDb\R250
2014-10-21 13:05:15,204:DEBUG:Dossier déjà présent.
2014-10-21 13:05:15,205:DEBUG:Fichier:C:/DATAS/FRO/ODA/ODA_POK/www/API/deploy\install\API\PatchsDb\R250\do.sql
2014-10-21 13:05:15,209:DEBUG:Remplacement réussi.
2014-10-21 13:05:15,210:DEBUG:Fichier:C:/DATAS/FRO/ODA/ODA_POK/www/API/deploy\install\API\PatchsDb\R250\unDo.sql
2014-10-21 13:05:15,214:DEBUG:Remplacement réussi.
2014-10-21 13:05:15,215:DEBUG:Directory:C:/DATAS/FRO/ODA/ODA_POK/www/API/deploy\install\API\PatchsDb\R274
2014-10-21 13:05:15,216:DEBUG:Dossier déjà présent.
2014-10-21 13:05:15,217:DEBUG:Fichier:C:/DATAS/FRO/ODA/ODA_POK/www/API/deploy\install\API\PatchsDb\R274\do.sql
2014-10-21 13:05:15,221:DEBUG:Remplacement réussi.
2014-10-21 13:05:15,222:DEBUG:Fichier:C:/DATAS/FRO/ODA/ODA_POK/www/API/deploy\install\API\PatchsDb\R274\unDo.sql
2014-10-21 13:05:15,226:DEBUG:Remplacement réussi.
2014-10-21 13:05:15,227:DEBUG:Directory:C:/DATAS/FRO/ODA/ODA_POK/www/API/deploy\install\API\PatchsDb\R342
2014-10-21 13:05:15,227:DEBUG:Dossier déjà présent.
2014-10-21 13:05:15,228:DEBUG:Fichier:C:/DATAS/FRO/ODA/ODA_POK/www/API/deploy\install\API\PatchsDb\R342\do.sql
2014-10-21 13:05:15,232:DEBUG:Remplacement réussi.
2014-10-21 13:05:15,233:DEBUG:Fichier:C:/DATAS/FRO/ODA/ODA_POK/www/API/deploy\install\API\PatchsDb\R342\unDo.sql
2014-10-21 13:05:15,237:DEBUG:Remplacement réussi.
2014-10-21 13:05:15,238:DEBUG:Directory:C:/DATAS/FRO/ODA/ODA_POK/www/API/deploy\install\API\PatchsDb\R344
2014-10-21 13:05:15,238:DEBUG:Dossier déjà présent.
2014-10-21 13:05:15,239:DEBUG:Fichier:C:/DATAS/FRO/ODA/ODA_POK/www/API/deploy\install\API\PatchsDb\R344\do.sql
2014-10-21 13:05:15,243:DEBUG:Remplacement réussi.
2014-10-21 13:05:15,244:DEBUG:Fichier:C:/DATAS/FRO/ODA/ODA_POK/www/API/deploy\install\API\PatchsDb\R344\unDo.sql
2014-10-21 13:05:15,248:DEBUG:Remplacement réussi.
2014-10-21 13:05:15,249:DEBUG:Directory:C:/DATAS/FRO/ODA/ODA_POK/www/API/deploy\install\API\PatchsDb\R349
2014-10-21 13:05:15,249:DEBUG:Dossier déjà présent.
2014-10-21 13:05:15,250:DEBUG:Fichier:C:/DATAS/FRO/ODA/ODA_POK/www/API/deploy\install\API\PatchsDb\R349\do.sql
2014-10-21 13:05:15,254:DEBUG:Remplacement réussi.
2014-10-21 13:05:15,255:DEBUG:Fichier:C:/DATAS/FRO/ODA/ODA_POK/www/API/deploy\install\API\PatchsDb\R349\unDo.sql
2014-10-21 13:05:15,259:DEBUG:Remplacement réussi.
2014-10-21 13:05:15,259:DEBUG:Directory:C:/DATAS/FRO/ODA/ODA_POK/www/API/deploy\install\API\PatchsDb\R358
2014-10-21 13:05:15,261:DEBUG:Dossier déjà présent.
2014-10-21 13:05:15,261:DEBUG:Fichier:C:/DATAS/FRO/ODA/ODA_POK/www/API/deploy\install\API\PatchsDb\R358\do.sql
2014-10-21 13:05:15,266:DEBUG:Remplacement réussi.
2014-10-21 13:05:15,266:DEBUG:Fichier:C:/DATAS/FRO/ODA/ODA_POK/www/API/deploy\install\API\PatchsDb\R358\unDo.sql
2014-10-21 13:05:15,270:DEBUG:Remplacement réussi.
2014-10-21 13:05:15,271:DEBUG:Directory:C:/DATAS/FRO/ODA/ODA_POK/www/API/deploy\install\API\PatchsDb\Rxxx
2014-10-21 13:05:15,271:DEBUG:Dossier déjà présent.
2014-10-21 13:05:15,272:DEBUG:Fichier:C:/DATAS/FRO/ODA/ODA_POK/www/API/deploy\install\API\PatchsDb\Rxxx\do.sql
2014-10-21 13:05:15,276:DEBUG:Remplacement réussi.
2014-10-21 13:05:15,276:DEBUG:Fichier:C:/DATAS/FRO/ODA/ODA_POK/www/API/deploy\install\API\PatchsDb\Rxxx\unDo.sql
2014-10-21 13:05:15,280:DEBUG:Remplacement réussi.
2014-10-21 13:05:15,281:DEBUG:Fichier:C:/DATAS/FRO/ODA/ODA_POK/www/API/deploy\install\API\readme_fonc.html
2014-10-21 13:05:15,285:DEBUG:Remplacement réussi.
2014-10-21 13:05:15,285:DEBUG:Fichier:C:/DATAS/FRO/ODA/ODA_POK/www/API/deploy\install\API\readme_tech.html
2014-10-21 13:05:15,291:DEBUG:Remplacement réussi.
2014-10-21 13:05:15,292:DEBUG:Fichier:C:/DATAS/FRO/ODA/ODA_POK/www/API/deploy\install\info.txt
2014-10-21 13:05:15,292:DEBUG:Ignore réussi.
2014-10-21 13:05:15,293:DEBUG:Directory:C:/DATAS/FRO/ODA/ODA_POK/www/API/deploy\install\PatchsDb
2014-10-21 13:05:15,293:DEBUG:Dossier déjà présent.
2014-10-21 13:05:15,294:DEBUG:Directory:C:/DATAS/FRO/ODA/ODA_POK/www/API/deploy\install\Procedures_stockees
2014-10-21 13:05:15,294:DEBUG:Dossier déjà présent.
2014-10-21 13:05:15,294:DEBUG:Fichier:C:/DATAS/FRO/ODA/ODA_POK/www/API/deploy\install\Procedures_stockees\procedure_exemple.sql
2014-10-21 13:05:15,298:DEBUG:Remplacement réussi.
2014-10-21 13:05:15,298:DEBUG:Fichier:C:/DATAS/FRO/ODA/ODA_POK/www/API/deploy\install\readme_fonc.html
2014-10-21 13:05:15,302:DEBUG:Remplacement réussi.
2014-10-21 13:05:15,303:DEBUG:Fichier:C:/DATAS/FRO/ODA/ODA_POK/www/API/deploy\install\readme_tech.html
2014-10-21 13:05:15,308:DEBUG:Remplacement réussi.
2014-10-21 13:05:15,309:DEBUG:Directory:C:/DATAS/FRO/ODA/ODA_POK/www/API/deploy\install\Rxxx
2014-10-21 13:05:15,309:DEBUG:Dossier déjà présent.
2014-10-21 13:05:15,310:DEBUG:Fichier:C:/DATAS/FRO/ODA/ODA_POK/www/API/deploy\install\Rxxx\do.sql
2014-10-21 13:05:15,313:DEBUG:Remplacement réussi.
2014-10-21 13:05:15,313:DEBUG:Fichier:C:/DATAS/FRO/ODA/ODA_POK/www/API/deploy\install\Rxxx\unDo.sql
2014-10-21 13:05:15,317:DEBUG:Remplacement réussi.
2014-10-21 13:05:15,317:DEBUG:Directory:C:/DATAS/FRO/ODA/ODA_POK/www/API/deploy\install\Vues
2014-10-21 13:05:15,318:DEBUG:Dossier déjà présent.
2014-10-21 13:05:15,318:DEBUG:Fichier:C:/DATAS/FRO/ODA/ODA_POK/www/API/deploy\install\Vues\vue_exemple.sql
2014-10-21 13:05:15,321:DEBUG:Remplacement réussi.
2014-10-21 13:05:15,322:DEBUG:Directory:C:/DATAS/FRO/ODA/ODA_POK/www/API/deploy\js
2014-10-21 13:05:15,322:DEBUG:Dossier déjà présent.
2014-10-21 13:05:15,322:DEBUG:Fichier:C:/DATAS/FRO/ODA/ODA_POK/www/API/deploy\js\fonctions.js
2014-10-21 13:05:15,323:DEBUG:Ignore réussi.
2014-10-21 13:05:15,323:DEBUG:Fichier:C:/DATAS/FRO/ODA/ODA_POK/www/API/deploy\js\fonctions_exemple.js
2014-10-21 13:05:15,328:DEBUG:Remplacement réussi.
2014-10-21 13:05:15,329:DEBUG:Fichier:C:/DATAS/FRO/ODA/ODA_POK/www/API/deploy\page_exemple.html
2014-10-21 13:05:15,334:DEBUG:Remplacement réussi.
2014-10-21 13:05:15,334:DEBUG:Fichier:C:/DATAS/FRO/ODA/ODA_POK/www/API/deploy\page_home.html
2014-10-21 13:05:15,335:DEBUG:Ignore réussi.
2014-10-21 13:05:15,335:DEBUG:Directory:C:/DATAS/FRO/ODA/ODA_POK/www/API/deploy\php
2014-10-21 13:05:15,336:DEBUG:Dossier déjà présent.
2014-10-21 13:05:15,336:DEBUG:Fichier:C:/DATAS/FRO/ODA/ODA_POK/www/API/deploy\php\fonctions.php
2014-10-21 13:05:15,336:DEBUG:Ignore réussi.
2014-10-21 13:05:15,337:DEBUG:Fichier:C:/DATAS/FRO/ODA/ODA_POK/www/API/deploy\php\fonctions_exemple.php
2014-10-21 13:05:15,340:DEBUG:Remplacement réussi.
2014-10-21 13:05:15,340:DEBUG:Directory:C:/DATAS/FRO/ODA/ODA_POK/www/API/deploy\phpsql
2014-10-21 13:05:15,341:DEBUG:Dossier déjà présent.
2014-10-21 13:05:15,341:DEBUG:Fichier:C:/DATAS/FRO/ODA/ODA_POK/www/API/deploy\phpsql\exemple.php
2014-10-21 13:05:15,345:DEBUG:Remplacement réussi.
2014-10-21 13:05:15,345:DEBUG:Directory:C:/DATAS/FRO/ODA/ODA_POK/www/API/deploy\phpsql\test
2014-10-21 13:05:15,346:DEBUG:Dossier déjà présent.
2014-10-21 13:05:15,346:DEBUG:Directory:C:/DATAS/FRO/ODA/ODA_POK/www/API/deploy\scriptphp
2014-10-21 13:05:15,347:DEBUG:Dossier déjà présent.
2014-10-21 13:05:15,347:DEBUG:Directory:C:/DATAS/FRO/ODA/ODA_POK/www/API/deploy\scriptpython
2014-10-21 13:05:15,348:DEBUG:Dossier déjà présent.
2014-10-21 13:05:15,348:DEBUG:Directory:C:/DATAS/FRO/ODA/ODA_POK/www/API/deploy\scriptpython\emptyPython
2014-10-21 13:05:15,348:DEBUG:Dossier déjà présent.
2014-10-21 13:05:15,349:DEBUG:Fichier:C:/DATAS/FRO/ODA/ODA_POK/www/API/deploy\scriptpython\emptyPython\exemple.config.emptyPython.json
2014-10-21 13:05:15,352:DEBUG:Remplacement réussi.
2014-10-21 13:05:15,353:DEBUG:Fichier:C:/DATAS/FRO/ODA/ODA_POK/www/API/deploy\scriptpython\emptyPython\script_emptyPython.py
2014-10-21 13:05:15,356:DEBUG:Remplacement réussi.
2014-10-21 13:05:15,357:DEBUG:Fichier:C:/DATAS/FRO/ODA/ODA_POK/www/API/deploy\scriptpython\emptyPython\start.bat
2014-10-21 13:05:15,361:DEBUG:Remplacement réussi.
2014-10-21 13:05:15,362:DEBUG:Directory:C:/DATAS/FRO/ODA/ODA_POK/www/API/deploy\test
2014-10-21 13:05:15,362:DEBUG:Dossier déjà présent.
2014-10-21 13:05:15,363:DEBUG:Directory:C:/DATAS/FRO/ODA/ODA_POK/www/API/deploy\test\resources
2014-10-21 13:05:15,363:DEBUG:Dossier déjà présent.
2014-10-21 13:05:15,364:DEBUG:Fichier:C:/DATAS/FRO/ODA/ODA_POK/www/API/deploy\test\resources\php.js
2014-10-21 13:05:15,364:DEBUG:Ignore réussi.
2014-10-21 13:05:15,364:DEBUG:Fichier:C:/DATAS/FRO/ODA/ODA_POK/www/API/deploy\test\resources\php_exemple.js
2014-10-21 13:05:15,370:DEBUG:Remplacement réussi.
2014-10-21 13:05:15,370:DEBUG:Fichier:C:/DATAS/FRO/ODA/ODA_POK/www/API/deploy\test\resources\test.js
2014-10-21 13:05:15,371:DEBUG:Ignore réussi.
2014-10-21 13:05:15,371:DEBUG:Fichier:C:/DATAS/FRO/ODA/ODA_POK/www/API/deploy\test\resources\test_exemple.js
2014-10-21 13:05:15,376:DEBUG:Remplacement réussi.
2014-10-21 13:05:15,377:DEBUG:Fichier:C:/DATAS/FRO/ODA/ODA_POK/www/API/deploy\test\scenario_exemple.html
2014-10-21 13:05:15,382:DEBUG:Remplacement réussi.
2014-10-21 13:05:15,382:DEBUG:Fichier:C:/DATAS/FRO/ODA/ODA_POK/www/API/deploy\test\test_exemple.php
2014-10-21 13:05:15,385:DEBUG:Remplacement réussi.
2014-10-21 13:05:15,385:INFO:+Fin du script.
2015-03-10 11:39:32,753:INFO:-------------------------------------------------------
2015-03-10 11:39:32,763:INFO:+Bienvenue dans le script de traitement ODA module API.
2015-03-10 11:39:32,763:INFO:+Mode d'action choisi : update.
2015-03-10 11:39:32,764:DEBUG:Début chargement configuration
2015-03-10 11:39:32,764:DEBUG:Chargement configuration réussi
2015-03-10 11:39:32,764:INFO:+Lance la mise à jour.
2015-03-10 11:39:32,765:INFO:+Update des fichiers.
2015-03-10 11:39:32,765:DEBUG:Fichier:C:/DATAS/FRO/ODA/ODA_POK/www/API/deploy\api_page_accesperdu.html
2015-03-10 11:39:32,781:DEBUG:Remplacement réussi.
2015-03-10 11:39:32,786:DEBUG:Fichier:C:/DATAS/FRO/ODA/ODA_POK/www/API/deploy\api_page_admin.html
2015-03-10 11:39:32,791:DEBUG:Copie réussi.
2015-03-10 11:39:32,791:DEBUG:Fichier:C:/DATAS/FRO/ODA/ODA_POK/www/API/deploy\api_page_contact.html
2015-03-10 11:39:32,796:DEBUG:Remplacement réussi.
2015-03-10 11:39:32,797:DEBUG:Fichier:C:/DATAS/FRO/ODA/ODA_POK/www/API/deploy\api_page_contact_restreint.html
2015-03-10 11:39:32,801:DEBUG:Remplacement réussi.
2015-03-10 11:39:32,802:DEBUG:Fichier:C:/DATAS/FRO/ODA/ODA_POK/www/API/deploy\api_page_creercompte.html
2015-03-10 11:39:32,809:DEBUG:Remplacement réussi.
2015-03-10 11:39:32,810:DEBUG:Fichier:C:/DATAS/FRO/ODA/ODA_POK/www/API/deploy\api_page_error.html
2015-03-10 11:39:32,816:DEBUG:Remplacement réussi.
2015-03-10 11:39:32,816:DEBUG:Fichier:C:/DATAS/FRO/ODA/ODA_POK/www/API/deploy\api_page_faq.html
2015-03-10 11:39:32,822:DEBUG:Remplacement réussi.
2015-03-10 11:39:32,823:DEBUG:Fichier:C:/DATAS/FRO/ODA/ODA_POK/www/API/deploy\api_page_maintenance.html
2015-03-10 11:39:32,829:DEBUG:Remplacement réussi.
2015-03-10 11:39:32,830:DEBUG:Fichier:C:/DATAS/FRO/ODA/ODA_POK/www/API/deploy\api_page_profile.html
2015-03-10 11:39:32,835:DEBUG:Copie réussi.
2015-03-10 11:39:32,836:DEBUG:Fichier:C:/DATAS/FRO/ODA/ODA_POK/www/API/deploy\api_page_sortie.html
2015-03-10 11:39:32,842:DEBUG:Remplacement réussi.
2015-03-10 11:39:32,842:DEBUG:Fichier:C:/DATAS/FRO/ODA/ODA_POK/www/API/deploy\api_page_stats.html
2015-03-10 11:39:32,848:DEBUG:Copie réussi.
2015-03-10 11:39:32,849:DEBUG:Fichier:C:/DATAS/FRO/ODA/ODA_POK/www/API/deploy\api_page_supervision.html
2015-03-10 11:39:32,854:DEBUG:Copie réussi.
2015-03-10 11:39:32,855:DEBUG:Directory:C:/DATAS/FRO/ODA/ODA_POK/www/API/deploy\css
2015-03-10 11:39:32,856:DEBUG:Dossier déjà présent.
2015-03-10 11:39:32,857:DEBUG:Fichier:C:/DATAS/FRO/ODA/ODA_POK/www/API/deploy\css\mycss.css
2015-03-10 11:39:32,859:DEBUG:Ignore réussi.
2015-03-10 11:39:32,859:DEBUG:Directory:C:/DATAS/FRO/ODA/ODA_POK/www/API/deploy\css\themes
2015-03-10 11:39:32,860:DEBUG:Dossier déjà présent.
2015-03-10 11:39:32,861:DEBUG:Directory:C:/DATAS/FRO/ODA/ODA_POK/www/API/deploy\css\themes\flatui
2015-03-10 11:39:32,862:DEBUG:Dossier déjà présent.
2015-03-10 11:39:32,863:DEBUG:Directory:C:/DATAS/FRO/ODA/ODA_POK/www/API/deploy\css\themes\flatui\fonts
2015-03-10 11:39:32,864:DEBUG:Dossier déjà présent.
2015-03-10 11:39:32,865:DEBUG:Fichier:C:/DATAS/FRO/ODA/ODA_POK/www/API/deploy\css\themes\flatui\fonts\Flat-UI-Icons-24.ttf
2015-03-10 11:39:32,881:DEBUG:Remplacement réussi.
2015-03-10 11:39:32,883:DEBUG:Fichier:C:/DATAS/FRO/ODA/ODA_POK/www/API/deploy\css\themes\flatui\fonts\Flat-UI-Icons-24.woff
2015-03-10 11:39:32,894:DEBUG:Remplacement réussi.
2015-03-10 11:39:32,896:DEBUG:Fichier:C:/DATAS/FRO/ODA/ODA_POK/www/API/deploy\css\themes\flatui\fonts\lato-black.ttf
2015-03-10 11:39:32,910:DEBUG:Remplacement réussi.
2015-03-10 11:39:32,911:DEBUG:Fichier:C:/DATAS/FRO/ODA/ODA_POK/www/API/deploy\css\themes\flatui\fonts\lato-black.woff
2015-03-10 11:39:32,928:DEBUG:Remplacement réussi.
2015-03-10 11:39:32,929:DEBUG:Fichier:C:/DATAS/FRO/ODA/ODA_POK/www/API/deploy\css\themes\flatui\fonts\lato-bold.ttf
2015-03-10 11:39:32,965:DEBUG:Remplacement réussi.
2015-03-10 11:39:32,966:DEBUG:Fichier:C:/DATAS/FRO/ODA/ODA_POK/www/API/deploy\css\themes\flatui\fonts\lato-bold.woff
2015-03-10 11:39:32,984:DEBUG:Remplacement réussi.
2015-03-10 11:39:32,985:DEBUG:Fichier:C:/DATAS/FRO/ODA/ODA_POK/www/API/deploy\css\themes\flatui\fonts\lato-italic.ttf
2015-03-10 11:39:33,005:DEBUG:Remplacement réussi.
2015-03-10 11:39:33,006:DEBUG:Fichier:C:/DATAS/FRO/ODA/ODA_POK/www/API/deploy\css\themes\flatui\fonts\lato-italic.woff
2015-03-10 11:39:33,016:DEBUG:Remplacement réussi.
2015-03-10 11:39:33,017:DEBUG:Fichier:C:/DATAS/FRO/ODA/ODA_POK/www/API/deploy\css\themes\flatui\fonts\lato-regular.ttf
2015-03-10 11:39:33,033:DEBUG:Remplacement réussi.
2015-03-10 11:39:33,034:DEBUG:Fichier:C:/DATAS/FRO/ODA/ODA_POK/www/API/deploy\css\themes\flatui\fonts\lato-regular.woff
2015-03-10 11:39:33,049:DEBUG:Remplacement réussi.
2015-03-10 11:39:33,050:DEBUG:Directory:C:/DATAS/FRO/ODA/ODA_POK/www/API/deploy\css\themes\flatui\images
2015-03-10 11:39:33,051:DEBUG:Dossier déjà présent.
2015-03-10 11:39:33,052:DEBUG:Fichier:C:/DATAS/FRO/ODA/ODA_POK/www/API/deploy\css\themes\flatui\images\ajax-loader.gif
2015-03-10 11:39:33,069:DEBUG:Remplacement réussi.
2015-03-10 11:39:33,070:DEBUG:Fichier:C:/DATAS/FRO/ODA/ODA_POK/www/API/deploy\css\themes\flatui\images\icons-18-black.png
2015-03-10 11:39:33,090:DEBUG:Remplacement réussi.
2015-03-10 11:39:33,091:DEBUG:Fichier:C:/DATAS/FRO/ODA/ODA_POK/www/API/deploy\css\themes\flatui\images\icons-18-white.png
2015-03-10 11:39:33,108:DEBUG:Remplacement réussi.
2015-03-10 11:39:33,109:DEBUG:Fichier:C:/DATAS/FRO/ODA/ODA_POK/www/API/deploy\css\themes\flatui\images\icons-36-black.png
2015-03-10 11:39:33,117:DEBUG:Remplacement réussi.
2015-03-10 11:39:33,119:DEBUG:Fichier:C:/DATAS/FRO/ODA/ODA_POK/www/API/deploy\css\themes\flatui\images\icons-36-white.png
2015-03-10 11:39:33,143:DEBUG:Remplacement réussi.
2015-03-10 11:39:33,144:DEBUG:Fichier:C:/DATAS/FRO/ODA/ODA_POK/www/API/deploy\css\themes\flatui\jquery.mobile.icons.min.css
2015-03-10 11:39:33,149:DEBUG:Remplacement réussi.
2015-03-10 11:39:33,150:DEBUG:Fichier:C:/DATAS/FRO/ODA/ODA_POK/www/API/deploy\css\themes\flatui\jquery.mobile.theme.min.css
2015-03-10 11:39:33,171:DEBUG:Remplacement réussi.
2015-03-10 11:39:33,172:DEBUG:Fichier:C:/DATAS/FRO/ODA/ODA_POK/www/API/deploy\css\themes\flatui\preview.png
2015-03-10 11:39:33,193:DEBUG:Remplacement réussi.
2015-03-10 11:39:33,194:DEBUG:Directory:C:/DATAS/FRO/ODA/ODA_POK/www/API/deploy\img
2015-03-10 11:39:33,195:DEBUG:Dossier déjà présent.
2015-03-10 11:39:33,196:DEBUG:Fichier:C:/DATAS/FRO/ODA/ODA_POK/www/API/deploy\img\favicon.ico
2015-03-10 11:39:33,200:DEBUG:Copie réussi.
2015-03-10 11:39:33,201:DEBUG:Fichier:C:/DATAS/FRO/ODA/ODA_POK/www/API/deploy\img\favicon_exemple.ico
2015-03-10 11:39:33,205:DEBUG:Copie réussi.
2015-03-10 11:39:33,206:DEBUG:Directory:C:/DATAS/FRO/ODA/ODA_POK/www/API/deploy\include
2015-03-10 11:39:33,207:DEBUG:Dossier déjà présent.
2015-03-10 11:39:33,208:DEBUG:Fichier:C:/DATAS/FRO/ODA/ODA_POK/www/API/deploy\include\config.js
2015-03-10 11:39:33,209:DEBUG:Ignore réussi.
2015-03-10 11:39:33,210:DEBUG:Fichier:C:/DATAS/FRO/ODA/ODA_POK/www/API/deploy\include\config.php
2015-03-10 11:39:33,211:DEBUG:Ignore réussi.
2015-03-10 11:39:33,212:DEBUG:Fichier:C:/DATAS/FRO/ODA/ODA_POK/www/API/deploy\include\config_exemple.js
2015-03-10 11:39:33,218:DEBUG:Remplacement réussi.
2015-03-10 11:39:33,219:DEBUG:Fichier:C:/DATAS/FRO/ODA/ODA_POK/www/API/deploy\include\config_exemple.php
2015-03-10 11:39:33,223:DEBUG:Remplacement réussi.
2015-03-10 11:39:33,224:DEBUG:Fichier:C:/DATAS/FRO/ODA/ODA_POK/www/API/deploy\index.html
2015-03-10 11:39:33,230:DEBUG:Remplacement réussi.
2015-03-10 11:39:33,231:DEBUG:Directory:C:/DATAS/FRO/ODA/ODA_POK/www/API/deploy\install
2015-03-10 11:39:33,232:DEBUG:Dossier déjà présent.
2015-03-10 11:39:33,233:DEBUG:Directory:C:/DATAS/FRO/ODA/ODA_POK/www/API/deploy\install\API
2015-03-10 11:39:33,237:DEBUG:Dossier déjà présent.
2015-03-10 11:39:33,238:DEBUG:Fichier:C:/DATAS/FRO/ODA/ODA_POK/www/API/deploy\install\API\init_datas.sql
2015-03-10 11:39:33,239:DEBUG:Ignore réussi.
2015-03-10 11:39:33,240:DEBUG:Fichier:C:/DATAS/FRO/ODA/ODA_POK/www/API/deploy\install\API\init_struct.sql
2015-03-10 11:39:33,241:DEBUG:Ignore réussi.
2015-03-10 11:39:33,242:DEBUG:Directory:C:/DATAS/FRO/ODA/ODA_POK/www/API/deploy\install\API\PatchsDb
2015-03-10 11:39:33,243:DEBUG:Dossier déjà présent.
2015-03-10 11:39:33,244:DEBUG:Directory:C:/DATAS/FRO/ODA/ODA_POK/www/API/deploy\install\API\PatchsDb\R114
2015-03-10 11:39:33,246:DEBUG:Dossier déjà présent.
2015-03-10 11:39:33,247:DEBUG:Fichier:C:/DATAS/FRO/ODA/ODA_POK/www/API/deploy\install\API\PatchsDb\R114\do.sql
2015-03-10 11:39:33,252:DEBUG:Remplacement réussi.
2015-03-10 11:39:33,252:DEBUG:Fichier:C:/DATAS/FRO/ODA/ODA_POK/www/API/deploy\install\API\PatchsDb\R114\unDo.sql
2015-03-10 11:39:33,257:DEBUG:Remplacement réussi.
2015-03-10 11:39:33,258:DEBUG:Directory:C:/DATAS/FRO/ODA/ODA_POK/www/API/deploy\install\API\PatchsDb\R116
2015-03-10 11:39:33,260:DEBUG:Dossier déjà présent.
2015-03-10 11:39:33,261:DEBUG:Fichier:C:/DATAS/FRO/ODA/ODA_POK/www/API/deploy\install\API\PatchsDb\R116\do.sql
2015-03-10 11:39:33,280:DEBUG:Remplacement réussi.
2015-03-10 11:39:33,281:DEBUG:Fichier:C:/DATAS/FRO/ODA/ODA_POK/www/API/deploy\install\API\PatchsDb\R116\unDo.sql
2015-03-10 11:39:33,297:DEBUG:Remplacement réussi.
2015-03-10 11:39:33,299:DEBUG:Directory:C:/DATAS/FRO/ODA/ODA_POK/www/API/deploy\install\API\PatchsDb\R121
2015-03-10 11:39:33,300:DEBUG:Dossier déjà présent.
2015-03-10 11:39:33,301:DEBUG:Fichier:C:/DATAS/FRO/ODA/ODA_POK/www/API/deploy\install\API\PatchsDb\R121\do.sql
2015-03-10 11:39:33,314:DEBUG:Remplacement réussi.
2015-03-10 11:39:33,315:DEBUG:Fichier:C:/DATAS/FRO/ODA/ODA_POK/www/API/deploy\install\API\PatchsDb\R121\unDo.sql
2015-03-10 11:39:33,320:DEBUG:Remplacement réussi.
2015-03-10 11:39:33,321:DEBUG:Directory:C:/DATAS/FRO/ODA/ODA_POK/www/API/deploy\install\API\PatchsDb\R137
2015-03-10 11:39:33,322:DEBUG:Dossier déjà présent.
2015-03-10 11:39:33,323:DEBUG:Fichier:C:/DATAS/FRO/ODA/ODA_POK/www/API/deploy\install\API\PatchsDb\R137\do.sql
2015-03-10 11:39:33,328:DEBUG:Remplacement réussi.
2015-03-10 11:39:33,329:DEBUG:Fichier:C:/DATAS/FRO/ODA/ODA_POK/www/API/deploy\install\API\PatchsDb\R137\unDo.sql
2015-03-10 11:39:33,334:DEBUG:Remplacement réussi.
2015-03-10 11:39:33,335:DEBUG:Directory:C:/DATAS/FRO/ODA/ODA_POK/www/API/deploy\install\API\PatchsDb\R162
2015-03-10 11:39:33,336:DEBUG:Dossier déjà présent.
2015-03-10 11:39:33,337:DEBUG:Fichier:C:/DATAS/FRO/ODA/ODA_POK/www/API/deploy\install\API\PatchsDb\R162\do.sql
2015-03-10 11:39:33,359:DEBUG:Remplacement réussi.
2015-03-10 11:39:33,362:DEBUG:Fichier:C:/DATAS/FRO/ODA/ODA_POK/www/API/deploy\install\API\PatchsDb\R162\unDo.sql
2015-03-10 11:39:33,368:DEBUG:Remplacement réussi.
2015-03-10 11:39:33,370:DEBUG:Directory:C:/DATAS/FRO/ODA/ODA_POK/www/API/deploy\install\API\PatchsDb\R168
2015-03-10 11:39:33,371:DEBUG:Dossier déjà présent.
2015-03-10 11:39:33,372:DEBUG:Fichier:C:/DATAS/FRO/ODA/ODA_POK/www/API/deploy\install\API\PatchsDb\R168\do.sql
2015-03-10 11:39:33,377:DEBUG:Remplacement réussi.
2015-03-10 11:39:33,378:DEBUG:Fichier:C:/DATAS/FRO/ODA/ODA_POK/www/API/deploy\install\API\PatchsDb\R168\unDo.sql
2015-03-10 11:39:33,383:DEBUG:Remplacement réussi.
2015-03-10 11:39:33,384:DEBUG:Directory:C:/DATAS/FRO/ODA/ODA_POK/www/API/deploy\install\API\PatchsDb\R179
2015-03-10 11:39:33,386:DEBUG:Dossier déjà présent.
2015-03-10 11:39:33,387:DEBUG:Fichier:C:/DATAS/FRO/ODA/ODA_POK/www/API/deploy\install\API\PatchsDb\R179\do.sql
2015-03-10 11:39:33,391:DEBUG:Remplacement réussi.
2015-03-10 11:39:33,392:DEBUG:Fichier:C:/DATAS/FRO/ODA/ODA_POK/www/API/deploy\install\API\PatchsDb\R179\unDo.sql
2015-03-10 11:39:33,397:DEBUG:Remplacement réussi.
2015-03-10 11:39:33,398:DEBUG:Directory:C:/DATAS/FRO/ODA/ODA_POK/www/API/deploy\install\API\PatchsDb\R183
2015-03-10 11:39:33,399:DEBUG:Dossier déjà présent.
2015-03-10 11:39:33,400:DEBUG:Fichier:C:/DATAS/FRO/ODA/ODA_POK/www/API/deploy\install\API\PatchsDb\R183\do.sql
2015-03-10 11:39:33,405:DEBUG:Remplacement réussi.
2015-03-10 11:39:33,406:DEBUG:Fichier:C:/DATAS/FRO/ODA/ODA_POK/www/API/deploy\install\API\PatchsDb\R183\unDo.sql
2015-03-10 11:39:33,410:DEBUG:Remplacement réussi.
2015-03-10 11:39:33,412:DEBUG:Directory:C:/DATAS/FRO/ODA/ODA_POK/www/API/deploy\install\API\PatchsDb\R250
2015-03-10 11:39:33,413:DEBUG:Dossier déjà présent.
2015-03-10 11:39:33,414:DEBUG:Fichier:C:/DATAS/FRO/ODA/ODA_POK/www/API/deploy\install\API\PatchsDb\R250\do.sql
2015-03-10 11:39:33,419:DEBUG:Remplacement réussi.
2015-03-10 11:39:33,420:DEBUG:Fichier:C:/DATAS/FRO/ODA/ODA_POK/www/API/deploy\install\API\PatchsDb\R250\unDo.sql
2015-03-10 11:39:33,424:DEBUG:Remplacement réussi.
2015-03-10 11:39:33,425:DEBUG:Directory:C:/DATAS/FRO/ODA/ODA_POK/www/API/deploy\install\API\PatchsDb\R274
2015-03-10 11:39:33,427:DEBUG:Dossier déjà présent.
2015-03-10 11:39:33,428:DEBUG:Fichier:C:/DATAS/FRO/ODA/ODA_POK/www/API/deploy\install\API\PatchsDb\R274\do.sql
2015-03-10 11:39:33,432:DEBUG:Remplacement réussi.
2015-03-10 11:39:33,433:DEBUG:Fichier:C:/DATAS/FRO/ODA/ODA_POK/www/API/deploy\install\API\PatchsDb\R274\unDo.sql
2015-03-10 11:39:33,437:DEBUG:Remplacement réussi.
2015-03-10 11:39:33,439:DEBUG:Directory:C:/DATAS/FRO/ODA/ODA_POK/www/API/deploy\install\API\PatchsDb\R342
2015-03-10 11:39:33,440:DEBUG:Dossier déjà présent.
2015-03-10 11:39:33,441:DEBUG:Fichier:C:/DATAS/FRO/ODA/ODA_POK/www/API/deploy\install\API\PatchsDb\R342\do.sql
2015-03-10 11:39:33,446:DEBUG:Remplacement réussi.
2015-03-10 11:39:33,447:DEBUG:Fichier:C:/DATAS/FRO/ODA/ODA_POK/www/API/deploy\install\API\PatchsDb\R342\unDo.sql
2015-03-10 11:39:33,451:DEBUG:Remplacement réussi.
2015-03-10 11:39:33,452:DEBUG:Directory:C:/DATAS/FRO/ODA/ODA_POK/www/API/deploy\install\API\PatchsDb\R344
2015-03-10 11:39:33,454:DEBUG:Dossier déjà présent.
2015-03-10 11:39:33,455:DEBUG:Fichier:C:/DATAS/FRO/ODA/ODA_POK/www/API/deploy\install\API\PatchsDb\R344\do.sql
2015-03-10 11:39:33,478:DEBUG:Remplacement réussi.
2015-03-10 11:39:33,479:DEBUG:Fichier:C:/DATAS/FRO/ODA/ODA_POK/www/API/deploy\install\API\PatchsDb\R344\unDo.sql
2015-03-10 11:39:33,484:DEBUG:Remplacement réussi.
2015-03-10 11:39:33,485:DEBUG:Directory:C:/DATAS/FRO/ODA/ODA_POK/www/API/deploy\install\API\PatchsDb\R349
2015-03-10 11:39:33,486:DEBUG:Dossier déjà présent.
2015-03-10 11:39:33,487:DEBUG:Fichier:C:/DATAS/FRO/ODA/ODA_POK/www/API/deploy\install\API\PatchsDb\R349\do.sql
2015-03-10 11:39:33,492:DEBUG:Remplacement réussi.
2015-03-10 11:39:33,493:DEBUG:Fichier:C:/DATAS/FRO/ODA/ODA_POK/www/API/deploy\install\API\PatchsDb\R349\unDo.sql
2015-03-10 11:39:33,498:DEBUG:Remplacement réussi.
2015-03-10 11:39:33,499:DEBUG:Directory:C:/DATAS/FRO/ODA/ODA_POK/www/API/deploy\install\API\PatchsDb\R358
2015-03-10 11:39:33,501:DEBUG:Dossier déjà présent.
2015-03-10 11:39:33,502:DEBUG:Fichier:C:/DATAS/FRO/ODA/ODA_POK/www/API/deploy\install\API\PatchsDb\R358\do.sql
2015-03-10 11:39:33,508:DEBUG:Remplacement réussi.
2015-03-10 11:39:33,510:DEBUG:Fichier:C:/DATAS/FRO/ODA/ODA_POK/www/API/deploy\install\API\PatchsDb\R358\unDo.sql
2015-03-10 11:39:33,517:DEBUG:Remplacement réussi.
2015-03-10 11:39:33,518:DEBUG:Directory:C:/DATAS/FRO/ODA/ODA_POK/www/API/deploy\install\API\PatchsDb\R393
2015-03-10 11:39:33,519:DEBUG:Dossier créé.
2015-03-10 11:39:33,520:DEBUG:Fichier:C:/DATAS/FRO/ODA/ODA_POK/www/API/deploy\install\API\PatchsDb\R393\do.sql
2015-03-10 11:39:33,525:DEBUG:Copie réussi.
2015-03-10 11:39:33,526:DEBUG:Fichier:C:/DATAS/FRO/ODA/ODA_POK/www/API/deploy\install\API\PatchsDb\R393\unDo.sql
2015-03-10 11:39:33,529:DEBUG:Copie réussi.
2015-03-10 11:39:33,530:DEBUG:Directory:C:/DATAS/FRO/ODA/ODA_POK/www/API/deploy\install\API\PatchsDb\Rxxx
2015-03-10 11:39:33,532:DEBUG:Dossier déjà présent.
2015-03-10 11:39:33,533:DEBUG:Fichier:C:/DATAS/FRO/ODA/ODA_POK/www/API/deploy\install\API\PatchsDb\Rxxx\do.sql
2015-03-10 11:39:33,537:DEBUG:Remplacement réussi.
2015-03-10 11:39:33,538:DEBUG:Fichier:C:/DATAS/FRO/ODA/ODA_POK/www/API/deploy\install\API\PatchsDb\Rxxx\unDo.sql
2015-03-10 11:39:33,542:DEBUG:Remplacement réussi.
2015-03-10 11:39:33,544:DEBUG:Fichier:C:/DATAS/FRO/ODA/ODA_POK/www/API/deploy\install\API\readme_fonc.html
2015-03-10 11:39:33,565:DEBUG:Remplacement réussi.
2015-03-10 11:39:33,566:DEBUG:Fichier:C:/DATAS/FRO/ODA/ODA_POK/www/API/deploy\install\API\readme_tech.html
2015-03-10 11:39:33,581:DEBUG:Remplacement réussi.
2015-03-10 11:39:33,582:DEBUG:Fichier:C:/DATAS/FRO/ODA/ODA_POK/www/API/deploy\install\info.txt
2015-03-10 11:39:33,584:DEBUG:Ignore réussi.
2015-03-10 11:39:33,585:DEBUG:Directory:C:/DATAS/FRO/ODA/ODA_POK/www/API/deploy\install\PatchsDb
2015-03-10 11:39:33,586:DEBUG:Dossier déjà présent.
2015-03-10 11:39:33,587:DEBUG:Directory:C:/DATAS/FRO/ODA/ODA_POK/www/API/deploy\install\PatchsDb\Rxxx
2015-03-10 11:39:33,588:DEBUG:Dossier créé.
2015-03-10 11:39:33,590:DEBUG:Fichier:C:/DATAS/FRO/ODA/ODA_POK/www/API/deploy\install\PatchsDb\Rxxx\do.sql
2015-03-10 11:39:33,593:DEBUG:Copie réussi.
2015-03-10 11:39:33,594:DEBUG:Fichier:C:/DATAS/FRO/ODA/ODA_POK/www/API/deploy\install\PatchsDb\Rxxx\unDo.sql
2015-03-10 11:39:33,598:DEBUG:Copie réussi.
2015-03-10 11:39:33,599:DEBUG:Directory:C:/DATAS/FRO/ODA/ODA_POK/www/API/deploy\install\Procedures_stockees
2015-03-10 11:39:33,600:DEBUG:Dossier déjà présent.
2015-03-10 11:39:33,601:DEBUG:Fichier:C:/DATAS/FRO/ODA/ODA_POK/www/API/deploy\install\Procedures_stockees\procedure_exemple.sql
2015-03-10 11:39:33,605:DEBUG:Remplacement réussi.
2015-03-10 11:39:33,606:DEBUG:Fichier:C:/DATAS/FRO/ODA/ODA_POK/www/API/deploy\install\readme_fonc.html
2015-03-10 11:39:33,611:DEBUG:Remplacement réussi.
2015-03-10 11:39:33,612:DEBUG:Fichier:C:/DATAS/FRO/ODA/ODA_POK/www/API/deploy\install\readme_tech.html
2015-03-10 11:39:33,617:DEBUG:Remplacement réussi.
2015-03-10 11:39:33,618:DEBUG:Directory:C:/DATAS/FRO/ODA/ODA_POK/www/API/deploy\install\Vues
2015-03-10 11:39:33,619:DEBUG:Dossier déjà présent.
2015-03-10 11:39:33,620:DEBUG:Fichier:C:/DATAS/FRO/ODA/ODA_POK/www/API/deploy\install\Vues\vue_exemple.sql
2015-03-10 11:39:33,624:DEBUG:Remplacement réussi.
2015-03-10 11:39:33,625:DEBUG:Directory:C:/DATAS/FRO/ODA/ODA_POK/www/API/deploy\js
2015-03-10 11:39:33,626:DEBUG:Dossier déjà présent.
2015-03-10 11:39:33,627:DEBUG:Fichier:C:/DATAS/FRO/ODA/ODA_POK/www/API/deploy\js\fonctions.js
2015-03-10 11:39:33,628:DEBUG:Ignore réussi.
2015-03-10 11:39:33,629:DEBUG:Fichier:C:/DATAS/FRO/ODA/ODA_POK/www/API/deploy\js\fonctions_exemple.js
2015-03-10 11:39:33,656:DEBUG:Remplacement réussi.
2015-03-10 11:39:33,657:DEBUG:Fichier:C:/DATAS/FRO/ODA/ODA_POK/www/API/deploy\page_exemple.html
2015-03-10 11:39:33,663:DEBUG:Remplacement réussi.
2015-03-10 11:39:33,664:DEBUG:Fichier:C:/DATAS/FRO/ODA/ODA_POK/www/API/deploy\page_home.html
2015-03-10 11:39:33,665:DEBUG:Ignore réussi.
2015-03-10 11:39:33,666:DEBUG:Directory:C:/DATAS/FRO/ODA/ODA_POK/www/API/deploy\php
2015-03-10 11:39:33,667:DEBUG:Dossier déjà présent.
2015-03-10 11:39:33,668:DEBUG:Fichier:C:/DATAS/FRO/ODA/ODA_POK/www/API/deploy\php\ProjectExempleInterface.php
2015-03-10 11:39:33,672:DEBUG:Copie réussi.
2015-03-10 11:39:33,673:DEBUG:Directory:C:/DATAS/FRO/ODA/ODA_POK/www/API/deploy\phpsql
2015-03-10 11:39:33,674:DEBUG:Dossier déjà présent.
2015-03-10 11:39:33,675:DEBUG:Fichier:C:/DATAS/FRO/ODA/ODA_POK/www/API/deploy\phpsql\exemple.php
2015-03-10 11:39:33,679:DEBUG:Remplacement réussi.
2015-03-10 11:39:33,680:DEBUG:Directory:C:/DATAS/FRO/ODA/ODA_POK/www/API/deploy\phpsql\test
2015-03-10 11:39:33,682:DEBUG:Dossier déjà présent.
2015-03-10 11:39:33,683:DEBUG:Directory:C:/DATAS/FRO/ODA/ODA_POK/www/API/deploy\scriptphp
2015-03-10 11:39:33,684:DEBUG:Dossier déjà présent.
2015-03-10 11:39:33,685:DEBUG:Directory:C:/DATAS/FRO/ODA/ODA_POK/www/API/deploy\scriptpython
2015-03-10 11:39:33,686:DEBUG:Dossier déjà présent.
2015-03-10 11:39:33,687:DEBUG:Directory:C:/DATAS/FRO/ODA/ODA_POK/www/API/deploy\scriptpython\emptyPython
2015-03-10 11:39:33,688:DEBUG:Dossier déjà présent.
2015-03-10 11:39:33,689:DEBUG:Fichier:C:/DATAS/FRO/ODA/ODA_POK/www/API/deploy\scriptpython\emptyPython\exemple.config.emptyPython.json
2015-03-10 11:39:33,694:DEBUG:Remplacement réussi.
2015-03-10 11:39:33,695:DEBUG:Fichier:C:/DATAS/FRO/ODA/ODA_POK/www/API/deploy\scriptpython\emptyPython\script_emptyPython.py
2015-03-10 11:39:33,719:DEBUG:Remplacement réussi.
2015-03-10 11:39:33,720:DEBUG:Fichier:C:/DATAS/FRO/ODA/ODA_POK/www/API/deploy\scriptpython\emptyPython\start.bat
2015-03-10 11:39:33,725:DEBUG:Remplacement réussi.
2015-03-10 11:39:33,726:DEBUG:Directory:C:/DATAS/FRO/ODA/ODA_POK/www/API/deploy\test
2015-03-10 11:39:33,727:DEBUG:Dossier déjà présent.
2015-03-10 11:39:33,728:DEBUG:Directory:C:/DATAS/FRO/ODA/ODA_POK/www/API/deploy\test\resources
2015-03-10 11:39:33,729:DEBUG:Dossier déjà présent.
2015-03-10 11:39:33,730:DEBUG:Fichier:C:/DATAS/FRO/ODA/ODA_POK/www/API/deploy\test\resources\php.js
2015-03-10 11:39:33,732:DEBUG:Ignore réussi.
2015-03-10 11:39:33,733:DEBUG:Fichier:C:/DATAS/FRO/ODA/ODA_POK/www/API/deploy\test\resources\php_exemple.js
2015-03-10 11:39:33,739:DEBUG:Remplacement réussi.
2015-03-10 11:39:33,740:DEBUG:Fichier:C:/DATAS/FRO/ODA/ODA_POK/www/API/deploy\test\resources\test.js
2015-03-10 11:39:33,742:DEBUG:Ignore réussi.
2015-03-10 11:39:33,743:DEBUG:Fichier:C:/DATAS/FRO/ODA/ODA_POK/www/API/deploy\test\resources\test_exemple.js
2015-03-10 11:39:33,749:DEBUG:Remplacement réussi.
2015-03-10 11:39:33,750:DEBUG:Fichier:C:/DATAS/FRO/ODA/ODA_POK/www/API/deploy\test\scenario_exemple.html
2015-03-10 11:39:33,755:DEBUG:Remplacement réussi.
2015-03-10 11:39:33,756:DEBUG:Fichier:C:/DATAS/FRO/ODA/ODA_POK/www/API/deploy\test\test_exemple.php
2015-03-10 11:39:33,761:DEBUG:Remplacement réussi.
2015-03-10 11:39:33,761:INFO:+Fin du script.
